-1
-1
-1
-1
-1
-1
-1
-1
-1
-1
-1
-1
-1
-1
-1
-1
-1
-1
-1
-1
-1
-1
-1
-1
-1
-1
-1
-1
-1
-1
0
0
0
-1
-1
-1
-1
-1
-1
-1
-1
-1
-1
-1
-1
-1
-1
-1
-1
-1
-1
-1
-1
-1
-1
-1
-1
-1
-1
-1
0
2
1
1
1
2
-1
-1
-1
-1
-1
-1
-1
-1
-1
-1
-1
-1
-1
-1
-1
-1
-1
-1
-1
-1
-1
-1
-1
-1
0
4
2
1
3
3
2
2
4
-1
-1
-1
-1
-1
-1
-1
-1
-1
-1
-1
-1
-1
-1
-1
-1
-1
-1
-1
-1
-1
0
6
3
1
5
4
2
4
5
3
3
6
-1
-1
-1
-1
-1
-1
-1
-1
-1
-1
-1
-1
-1
-1
-1
-1
-1
-1
0
8
4
1
7
5
2
6
6
3
5
7
4
4
8
-1
-1
-1
-1
-1
-1
-1
-1
-1
-1
-1
-1
-1
-1
-1
0
10
5
1
9
6
2
8
7
3
7
8
4
6
9
5
5
10
-1
-1
-1
-1
-1
-1
-1
-1
-1
-1
-1
-1
0
12
6
1
11
7
2
10
8
3
9
9
4
8
10
5
7
11
6
6
12
-1
-1
-1
-1
-1
-1
-1
-1
-1
0
14
7
1
13
8
2
12
9
3
11
10
4
10
11
5
9
12
6
8
13
7
7
14
-1
-1
-1
-1
-1
-1
0
16
8
1
15
9
2
14
10
3
13
11
4
12
12
5
11
13
6
10
14
7
9
15
8
8
16
-1
-1
-1
