[0]
[0;1]
[0;1;2]
[0;1;2;3]
[0;1;2;3;4]
[0;1;2;3;4;5]
[0;1;2;3;4;5;6]
[0;1;2;3;4;5;6;7]
[0;1;2;3;4;5;6;7;8]
[0;1;2;3;4;5;6;7;8;9]
[0;1;2;3;4;5;6;7;8;9;10]
[]
[1]
[1;2]
[1;2;3]
[1;2;3;4]
[1;2;3;4;5]
[1;2;3;4;5;6]
[1;2;3;4;5;6;7]
[1;2;3;4;5;6;7;8]
[1;2;3;4;5;6;7;8;9]
[1;2;3;4;5;6;7;8;9;10]
[]
[]
[2]
[2;3]
[2;3;4]
[2;3;4;5]
[2;3;4;5;6]
[2;3;4;5;6;7]
[2;3;4;5;6;7;8]
[2;3;4;5;6;7;8;9]
[2;3;4;5;6;7;8;9;10]
[]
[]
[]
[3]
[3;4]
[3;4;5]
[3;4;5;6]
[3;4;5;6;7]
[3;4;5;6;7;8]
[3;4;5;6;7;8;9]
[3;4;5;6;7;8;9;10]
[]
[]
[]
[]
[4]
[4;5]
[4;5;6]
[4;5;6;7]
[4;5;6;7;8]
[4;5;6;7;8;9]
[4;5;6;7;8;9;10]
[]
[]
[]
[]
[]
[5]
[5;6]
[5;6;7]
[5;6;7;8]
[5;6;7;8;9]
[5;6;7;8;9;10]
[]
[]
[]
[]
[]
[]
[6]
[6;7]
[6;7;8]
[6;7;8;9]
[6;7;8;9;10]
[]
[]
[]
[]
[]
[]
[]
[7]
[7;8]
[7;8;9]
[7;8;9;10]
[]
[]
[]
[]
[]
[]
[]
[]
[8]
[8;9]
[8;9;10]
[]
[]
[]
[]
[]
[]
[]
[]
[]
[9]
[9;10]
[]
[]
[]
[]
[]
[]
[]
[]
[]
[]
[10]
[0]
[0;1]
[0;1;4]
[0;1;4;9]
[0;1;4;9;16]
[0;1;4;9;16;25]
[0;1;4;9;16;25;36]
[0;1;4;9;16;25;36;49]
[0;1;4;9;16;25;36;49;64]
[0;1;4;9;16;25;36;49;64;81]
[0;1;4;9;16;25;36;49;64;81;100]
[]
[1]
[1;4]
[1;4;9]
[1;4;9;16]
[1;4;9;16;25]
[1;4;9;16;25;36]
[1;4;9;16;25;36;49]
[1;4;9;16;25;36;49;64]
[1;4;9;16;25;36;49;64;81]
[1;4;9;16;25;36;49;64;81;100]
[]
[]
[4]
[4;9]
[4;9;16]
[4;9;16;25]
[4;9;16;25;36]
[4;9;16;25;36;49]
[4;9;16;25;36;49;64]
[4;9;16;25;36;49;64;81]
[4;9;16;25;36;49;64;81;100]
[]
[]
[]
[9]
[9;16]
[9;16;25]
[9;16;25;36]
[9;16;25;36;49]
[9;16;25;36;49;64]
[9;16;25;36;49;64;81]
[9;16;25;36;49;64;81;100]
[]
[]
[]
[]
[16]
[16;25]
[16;25;36]
[16;25;36;49]
[16;25;36;49;64]
[16;25;36;49;64;81]
[16;25;36;49;64;81;100]
[]
[]
[]
[]
[]
[25]
[25;36]
[25;36;49]
[25;36;49;64]
[25;36;49;64;81]
[25;36;49;64;81;100]
[]
[]
[]
[]
[]
[]
[36]
[36;49]
[36;49;64]
[36;49;64;81]
[36;49;64;81;100]
[]
[]
[]
[]
[]
[]
[]
[49]
[49;64]
[49;64;81]
[49;64;81;100]
[]
[]
[]
[]
[]
[]
[]
[]
[64]
[64;81]
[64;81;100]
[]
[]
[]
[]
[]
[]
[]
[]
[]
[81]
[81;100]
[]
[]
[]
[]
[]
[]
[]
[]
[]
[]
[100]
[0]
[0;1]
[0;1;8]
[0;1;8;27]
[0;1;8;27;64]
[0;1;8;27;64;125]
[0;1;8;27;64;125;216]
[0;1;8;27;64;125;216;343]
[0;1;8;27;64;125;216;343;512]
[0;1;8;27;64;125;216;343;512;729]
[0;1;8;27;64;125;216;343;512;729;1000]
[]
[1]
[1;8]
[1;8;27]
[1;8;27;64]
[1;8;27;64;125]
[1;8;27;64;125;216]
[1;8;27;64;125;216;343]
[1;8;27;64;125;216;343;512]
[1;8;27;64;125;216;343;512;729]
[1;8;27;64;125;216;343;512;729;1000]
[]
[]
[8]
[8;27]
[8;27;64]
[8;27;64;125]
[8;27;64;125;216]
[8;27;64;125;216;343]
[8;27;64;125;216;343;512]
[8;27;64;125;216;343;512;729]
[8;27;64;125;216;343;512;729;1000]
[]
[]
[]
[27]
[27;64]
[27;64;125]
[27;64;125;216]
[27;64;125;216;343]
[27;64;125;216;343;512]
[27;64;125;216;343;512;729]
[27;64;125;216;343;512;729;1000]
[]
[]
[]
[]
[64]
[64;125]
[64;125;216]
[64;125;216;343]
[64;125;216;343;512]
[64;125;216;343;512;729]
[64;125;216;343;512;729;1000]
[]
[]
[]
[]
[]
[125]
[125;216]
[125;216;343]
[125;216;343;512]
[125;216;343;512;729]
[125;216;343;512;729;1000]
[]
[]
[]
[]
[]
[]
[216]
[216;343]
[216;343;512]
[216;343;512;729]
[216;343;512;729;1000]
[]
[]
[]
[]
[]
[]
[]
[343]
[343;512]
[343;512;729]
[343;512;729;1000]
[]
[]
[]
[]
[]
[]
[]
[]
[512]
[512;729]
[512;729;1000]
[]
[]
[]
[]
[]
[]
[]
[]
[]
[729]
[729;1000]
[]
[]
[]
[]
[]
[]
[]
[]
[]
[]
[1000]
