Insertion of ab => value1 succeeded.
Insertion of cd => value2 succeeded.
Insertion of ef => value3 succeeded.
Insertion of gh => value4 succeeded.
Insertion of ij => value5 succeeded.
Insertion of kl => value6 succeeded.
Insertion of mn => value7 succeeded.
Insertion of op => value8 succeeded.
Insertion of qr => value9 failed.
Insertion of st => value10 failed.
Deletion of mn succeeded.
Deletion of gh succeeded.
Key count: 6
Bucket 0: FULL (op => value8)
Bucket 1: FULL (ab => value1)
Bucket 2: FULL (cd => value2)
Bucket 3: FULL (ef => value3)
Bucket 4: DIRTY
Bucket 5: FULL (ij => value5)
Bucket 6: FULL (kl => value6)
Bucket 7: DIRTY
Insertion of ab => value11 succeeded.
Insertion of st => value12 succeeded.
Insertion of uv => value13 succeeded.
Insertion of wx => value14 failed.
Insertion of ab => value11 succeeded.
Search for mn failed.
Search for wx failed.
Search for yz failed.
Search for ab succeeded (value11).
Key count: 8
Bucket 0: FULL (op => value8)
Bucket 1: FULL (ab => value11)
Bucket 2: FULL (cd => value2)
Bucket 3: FULL (ef => value3)
Bucket 4: FULL (st => value12)
Bucket 5: FULL (ij => value5)
Bucket 6: FULL (kl => value6)
Bucket 7: FULL (uv => value13)
