Insertion of abc => value1 succeeded.
Insertion of def => value2 succeeded.
Insertion of ghi => value3 succeeded.
Insertion of jkl => value4 succeeded.
Insertion of mno => value5 succeeded.
Insertion of pqr => value6 failed.
Insertion of stu => value7 failed.
Insertion of vwx => value8 failed.
Insertion of yz. => value9 failed.
Key count: 5
Bucket 0: FULL (mno => value5)
Bucket 1: FULL (def => value2)
Bucket 2: FULL (jkl => value4)
Bucket 3: FULL (abc => value1)
Bucket 4: FULL (ghi => value3)
Insertion of abc => value10 succeeded.
Insertion of def => value11 succeeded.
Insertion of ghi => value12 succeeded.
Insertion of jkl => value13 succeeded.
Insertion of mno => value14 succeeded.
Insertion of pqr => value15 failed.
Insertion of stu => value16 failed.
Insertion of vwx => value17 failed.
Insertion of yz. => value18 failed.
Key count: 5
Bucket 0: FULL (mno => value14)
Bucket 1: FULL (def => value11)
Bucket 2: FULL (jkl => value13)
Bucket 3: FULL (abc => value10)
Bucket 4: FULL (ghi => value12)
