Bucket 0: EMPTY
Bucket 1: EMPTY
Bucket 2: EMPTY
Bucket 3: EMPTY
Bucket 4: EMPTY
Bucket 5: EMPTY
Bucket 6: EMPTY
Bucket 7: EMPTY
Table reset.
Bucket 0: EMPTY
Bucket 1: EMPTY
Bucket 2: EMPTY
Bucket 3: EMPTY
Bucket 4: EMPTY
Bucket 5: EMPTY
Bucket 6: EMPTY
Bucket 7: EMPTY
Insertion of Alabama => Montgomery succeeded.
Bucket 0: EMPTY
Bucket 1: FULL (Alabama => Montgomery)
Bucket 2: EMPTY
Bucket 3: EMPTY
Bucket 4: EMPTY
Bucket 5: EMPTY
Bucket 6: EMPTY
Bucket 7: EMPTY
Insertion of Alaska => Juneau succeeded.
Bucket 0: EMPTY
Bucket 1: FULL (Alabama => Montgomery)
Bucket 2: EMPTY
Bucket 3: FULL (Alaska => Juneau)
Bucket 4: EMPTY
Bucket 5: EMPTY
Bucket 6: EMPTY
Bucket 7: EMPTY
Insertion of Arizona => Phoenix succeeded.
Bucket 0: FULL (Arizona => Phoenix)
Bucket 1: FULL (Alabama => Montgomery)
Bucket 2: EMPTY
Bucket 3: FULL (Alaska => Juneau)
Bucket 4: EMPTY
Bucket 5: EMPTY
Bucket 6: EMPTY
Bucket 7: EMPTY
Insertion of Arkansas => Little_Rock succeeded.
Bucket 0: FULL (Arizona => Phoenix)
Bucket 1: FULL (Alabama => Montgomery)
Bucket 2: EMPTY
Bucket 3: FULL (Alaska => Juneau)
Bucket 4: EMPTY
Bucket 5: EMPTY
Bucket 6: FULL (Arkansas => Little_Rock)
Bucket 7: EMPTY
Insertion of California => Sacramento succeeded.
Bucket 0: FULL (Arizona => Phoenix)
Bucket 1: FULL (Alabama => Montgomery)
Bucket 2: FULL (California => Sacramento)
Bucket 3: FULL (Alaska => Juneau)
Bucket 4: EMPTY
Bucket 5: EMPTY
Bucket 6: FULL (Arkansas => Little_Rock)
Bucket 7: EMPTY
Insertion of Colorado => Denver succeeded.
Bucket 0: FULL (Arizona => Phoenix)
Bucket 1: FULL (Alabama => Montgomery)
Bucket 2: FULL (California => Sacramento)
Bucket 3: FULL (Alaska => Juneau)
Bucket 4: FULL (Colorado => Denver)
Bucket 5: EMPTY
Bucket 6: FULL (Arkansas => Little_Rock)
Bucket 7: EMPTY
Insertion of Connecticut => Hartford succeeded.
Bucket 0: FULL (Arizona => Phoenix)
Bucket 1: FULL (Alabama => Montgomery)
Bucket 2: FULL (California => Sacramento)
Bucket 3: FULL (Alaska => Juneau)
Bucket 4: FULL (Colorado => Denver)
Bucket 5: FULL (Connecticut => Hartford)
Bucket 6: FULL (Arkansas => Little_Rock)
Bucket 7: EMPTY
Insertion of Delaware => Dover succeeded.
Bucket 0: FULL (Arizona => Phoenix)
Bucket 1: FULL (Alabama => Montgomery)
Bucket 2: FULL (California => Sacramento)
Bucket 3: FULL (Alaska => Juneau)
Bucket 4: FULL (Colorado => Denver)
Bucket 5: FULL (Connecticut => Hartford)
Bucket 6: FULL (Arkansas => Little_Rock)
Bucket 7: FULL (Delaware => Dover)
Insertion of Florida => Tallahassee failed.
Bucket 0: FULL (Arizona => Phoenix)
Bucket 1: FULL (Alabama => Montgomery)
Bucket 2: FULL (California => Sacramento)
Bucket 3: FULL (Alaska => Juneau)
Bucket 4: FULL (Colorado => Denver)
Bucket 5: FULL (Connecticut => Hartford)
Bucket 6: FULL (Arkansas => Little_Rock)
Bucket 7: FULL (Delaware => Dover)
Insertion of Georgia => Atlanta failed.
Bucket 0: FULL (Arizona => Phoenix)
Bucket 1: FULL (Alabama => Montgomery)
Bucket 2: FULL (California => Sacramento)
Bucket 3: FULL (Alaska => Juneau)
Bucket 4: FULL (Colorado => Denver)
Bucket 5: FULL (Connecticut => Hartford)
Bucket 6: FULL (Arkansas => Little_Rock)
Bucket 7: FULL (Delaware => Dover)
Insertion of Hawaii => Honolulu failed.
Bucket 0: FULL (Arizona => Phoenix)
Bucket 1: FULL (Alabama => Montgomery)
Bucket 2: FULL (California => Sacramento)
Bucket 3: FULL (Alaska => Juneau)
Bucket 4: FULL (Colorado => Denver)
Bucket 5: FULL (Connecticut => Hartford)
Bucket 6: FULL (Arkansas => Little_Rock)
Bucket 7: FULL (Delaware => Dover)
Insertion of Idaho => Boise failed.
Bucket 0: FULL (Arizona => Phoenix)
Bucket 1: FULL (Alabama => Montgomery)
Bucket 2: FULL (California => Sacramento)
Bucket 3: FULL (Alaska => Juneau)
Bucket 4: FULL (Colorado => Denver)
Bucket 5: FULL (Connecticut => Hartford)
Bucket 6: FULL (Arkansas => Little_Rock)
Bucket 7: FULL (Delaware => Dover)
Insertion of Illinois => Springfield failed.
Bucket 0: FULL (Arizona => Phoenix)
Bucket 1: FULL (Alabama => Montgomery)
Bucket 2: FULL (California => Sacramento)
Bucket 3: FULL (Alaska => Juneau)
Bucket 4: FULL (Colorado => Denver)
Bucket 5: FULL (Connecticut => Hartford)
Bucket 6: FULL (Arkansas => Little_Rock)
Bucket 7: FULL (Delaware => Dover)
Insertion of Indiana => Indianapolis failed.
Bucket 0: FULL (Arizona => Phoenix)
Bucket 1: FULL (Alabama => Montgomery)
Bucket 2: FULL (California => Sacramento)
Bucket 3: FULL (Alaska => Juneau)
Bucket 4: FULL (Colorado => Denver)
Bucket 5: FULL (Connecticut => Hartford)
Bucket 6: FULL (Arkansas => Little_Rock)
Bucket 7: FULL (Delaware => Dover)
Insertion of Iowa => Des_Moines failed.
Bucket 0: FULL (Arizona => Phoenix)
Bucket 1: FULL (Alabama => Montgomery)
Bucket 2: FULL (California => Sacramento)
Bucket 3: FULL (Alaska => Juneau)
Bucket 4: FULL (Colorado => Denver)
Bucket 5: FULL (Connecticut => Hartford)
Bucket 6: FULL (Arkansas => Little_Rock)
Bucket 7: FULL (Delaware => Dover)
Insertion of Kansas => Topeka failed.
Bucket 0: FULL (Arizona => Phoenix)
Bucket 1: FULL (Alabama => Montgomery)
Bucket 2: FULL (California => Sacramento)
Bucket 3: FULL (Alaska => Juneau)
Bucket 4: FULL (Colorado => Denver)
Bucket 5: FULL (Connecticut => Hartford)
Bucket 6: FULL (Arkansas => Little_Rock)
Bucket 7: FULL (Delaware => Dover)
Insertion of Kentucky => Frankfort failed.
Bucket 0: FULL (Arizona => Phoenix)
Bucket 1: FULL (Alabama => Montgomery)
Bucket 2: FULL (California => Sacramento)
Bucket 3: FULL (Alaska => Juneau)
Bucket 4: FULL (Colorado => Denver)
Bucket 5: FULL (Connecticut => Hartford)
Bucket 6: FULL (Arkansas => Little_Rock)
Bucket 7: FULL (Delaware => Dover)
Table reset.
Bucket 0: EMPTY
Bucket 1: EMPTY
Bucket 2: EMPTY
Bucket 3: EMPTY
Bucket 4: EMPTY
Bucket 5: EMPTY
Bucket 6: EMPTY
Bucket 7: EMPTY
Insertion of Louisiana => Baton_Rouge succeeded.
Bucket 0: EMPTY
Bucket 1: EMPTY
Bucket 2: EMPTY
Bucket 3: EMPTY
Bucket 4: EMPTY
Bucket 5: EMPTY
Bucket 6: EMPTY
Bucket 7: FULL (Louisiana => Baton_Rouge)
Insertion of Maine => Augusta succeeded.
Bucket 0: EMPTY
Bucket 1: EMPTY
Bucket 2: EMPTY
Bucket 3: EMPTY
Bucket 4: FULL (Maine => Augusta)
Bucket 5: EMPTY
Bucket 6: EMPTY
Bucket 7: FULL (Louisiana => Baton_Rouge)
Insertion of Maryland => Annapolis succeeded.
Bucket 0: EMPTY
Bucket 1: EMPTY
Bucket 2: EMPTY
Bucket 3: EMPTY
Bucket 4: FULL (Maine => Augusta)
Bucket 5: EMPTY
Bucket 6: FULL (Maryland => Annapolis)
Bucket 7: FULL (Louisiana => Baton_Rouge)
Insertion of Massachusetts => Boston succeeded.
Bucket 0: FULL (Massachusetts => Boston)
Bucket 1: EMPTY
Bucket 2: EMPTY
Bucket 3: EMPTY
Bucket 4: FULL (Maine => Augusta)
Bucket 5: EMPTY
Bucket 6: FULL (Maryland => Annapolis)
Bucket 7: FULL (Louisiana => Baton_Rouge)
Insertion of Michigan => Lansing succeeded.
Bucket 0: FULL (Massachusetts => Boston)
Bucket 1: EMPTY
Bucket 2: EMPTY
Bucket 3: EMPTY
Bucket 4: FULL (Maine => Augusta)
Bucket 5: FULL (Michigan => Lansing)
Bucket 6: FULL (Maryland => Annapolis)
Bucket 7: FULL (Louisiana => Baton_Rouge)
Insertion of Minnesota => Saint_Paul succeeded.
Bucket 0: FULL (Massachusetts => Boston)
Bucket 1: EMPTY
Bucket 2: FULL (Minnesota => Saint_Paul)
Bucket 3: EMPTY
Bucket 4: FULL (Maine => Augusta)
Bucket 5: FULL (Michigan => Lansing)
Bucket 6: FULL (Maryland => Annapolis)
Bucket 7: FULL (Louisiana => Baton_Rouge)
Insertion of Mississippi => Jackson succeeded.
Bucket 0: FULL (Massachusetts => Boston)
Bucket 1: FULL (Mississippi => Jackson)
Bucket 2: FULL (Minnesota => Saint_Paul)
Bucket 3: EMPTY
Bucket 4: FULL (Maine => Augusta)
Bucket 5: FULL (Michigan => Lansing)
Bucket 6: FULL (Maryland => Annapolis)
Bucket 7: FULL (Louisiana => Baton_Rouge)
Insertion of Missouri => Jefferson_City succeeded.
Bucket 0: FULL (Massachusetts => Boston)
Bucket 1: FULL (Mississippi => Jackson)
Bucket 2: FULL (Minnesota => Saint_Paul)
Bucket 3: FULL (Missouri => Jefferson_City)
Bucket 4: FULL (Maine => Augusta)
Bucket 5: FULL (Michigan => Lansing)
Bucket 6: FULL (Maryland => Annapolis)
Bucket 7: FULL (Louisiana => Baton_Rouge)
Table reset.
Bucket 0: EMPTY
Bucket 1: EMPTY
Bucket 2: EMPTY
Bucket 3: EMPTY
Bucket 4: EMPTY
Bucket 5: EMPTY
Bucket 6: EMPTY
Bucket 7: EMPTY
Insertion of Montana => Helena succeeded.
Bucket 0: EMPTY
Bucket 1: EMPTY
Bucket 2: EMPTY
Bucket 3: EMPTY
Bucket 4: FULL (Montana => Helena)
Bucket 5: EMPTY
Bucket 6: EMPTY
Bucket 7: EMPTY
Table reset.
Bucket 0: EMPTY
Bucket 1: EMPTY
Bucket 2: EMPTY
Bucket 3: EMPTY
Bucket 4: EMPTY
Bucket 5: EMPTY
Bucket 6: EMPTY
Bucket 7: EMPTY
Table reset.
Bucket 0: EMPTY
Bucket 1: EMPTY
Bucket 2: EMPTY
Bucket 3: EMPTY
Bucket 4: EMPTY
Bucket 5: EMPTY
Bucket 6: EMPTY
Bucket 7: EMPTY
Insertion of Nebraska => Lincoln succeeded.
Bucket 0: EMPTY
Bucket 1: EMPTY
Bucket 2: EMPTY
Bucket 3: EMPTY
Bucket 4: EMPTY
Bucket 5: EMPTY
Bucket 6: EMPTY
Bucket 7: FULL (Nebraska => Lincoln)
Insertion of Nevada => Carson_City succeeded.
Bucket 0: FULL (Nevada => Carson_City)
Bucket 1: EMPTY
Bucket 2: EMPTY
Bucket 3: EMPTY
Bucket 4: EMPTY
Bucket 5: EMPTY
Bucket 6: EMPTY
Bucket 7: FULL (Nebraska => Lincoln)
Insertion of New_Hampshire => Concord succeeded.
Bucket 0: FULL (Nevada => Carson_City)
Bucket 1: EMPTY
Bucket 2: EMPTY
Bucket 3: EMPTY
Bucket 4: FULL (New_Hampshire => Concord)
Bucket 5: EMPTY
Bucket 6: EMPTY
Bucket 7: FULL (Nebraska => Lincoln)
Insertion of New_Jersey => Trenton succeeded.
Bucket 0: FULL (Nevada => Carson_City)
Bucket 1: FULL (New_Jersey => Trenton)
Bucket 2: EMPTY
Bucket 3: EMPTY
Bucket 4: FULL (New_Hampshire => Concord)
Bucket 5: EMPTY
Bucket 6: EMPTY
Bucket 7: FULL (Nebraska => Lincoln)
Insertion of New_Mexico => Santa_Fe succeeded.
Bucket 0: FULL (Nevada => Carson_City)
Bucket 1: FULL (New_Jersey => Trenton)
Bucket 2: EMPTY
Bucket 3: EMPTY
Bucket 4: FULL (New_Hampshire => Concord)
Bucket 5: FULL (New_Mexico => Santa_Fe)
Bucket 6: EMPTY
Bucket 7: FULL (Nebraska => Lincoln)
Insertion of New_York => Albany succeeded.
Bucket 0: FULL (Nevada => Carson_City)
Bucket 1: FULL (New_Jersey => Trenton)
Bucket 2: EMPTY
Bucket 3: EMPTY
Bucket 4: FULL (New_Hampshire => Concord)
Bucket 5: FULL (New_Mexico => Santa_Fe)
Bucket 6: FULL (New_York => Albany)
Bucket 7: FULL (Nebraska => Lincoln)
Insertion of North_Carolina => Raleigh succeeded.
Bucket 0: FULL (Nevada => Carson_City)
Bucket 1: FULL (New_Jersey => Trenton)
Bucket 2: FULL (North_Carolina => Raleigh)
Bucket 3: EMPTY
Bucket 4: FULL (New_Hampshire => Concord)
Bucket 5: FULL (New_Mexico => Santa_Fe)
Bucket 6: FULL (New_York => Albany)
Bucket 7: FULL (Nebraska => Lincoln)
Insertion of North_Dakota => Bismarck succeeded.
Bucket 0: FULL (Nevada => Carson_City)
Bucket 1: FULL (New_Jersey => Trenton)
Bucket 2: FULL (North_Carolina => Raleigh)
Bucket 3: FULL (North_Dakota => Bismarck)
Bucket 4: FULL (New_Hampshire => Concord)
Bucket 5: FULL (New_Mexico => Santa_Fe)
Bucket 6: FULL (New_York => Albany)
Bucket 7: FULL (Nebraska => Lincoln)
Table reset.
Bucket 0: EMPTY
Bucket 1: EMPTY
Bucket 2: EMPTY
Bucket 3: EMPTY
Bucket 4: EMPTY
Bucket 5: EMPTY
Bucket 6: EMPTY
Bucket 7: EMPTY
Insertion of Ohio => Columbus succeeded.
Bucket 0: EMPTY
Bucket 1: EMPTY
Bucket 2: EMPTY
Bucket 3: EMPTY
Bucket 4: EMPTY
Bucket 5: EMPTY
Bucket 6: EMPTY
Bucket 7: FULL (Ohio => Columbus)
Insertion of Oklahoma => Oklahoma_City succeeded.
Bucket 0: EMPTY
Bucket 1: EMPTY
Bucket 2: EMPTY
Bucket 3: EMPTY
Bucket 4: FULL (Oklahoma => Oklahoma_City)
Bucket 5: EMPTY
Bucket 6: EMPTY
Bucket 7: FULL (Ohio => Columbus)
Insertion of Oregon => Salem succeeded.
Bucket 0: EMPTY
Bucket 1: EMPTY
Bucket 2: EMPTY
Bucket 3: EMPTY
Bucket 4: FULL (Oklahoma => Oklahoma_City)
Bucket 5: FULL (Oregon => Salem)
Bucket 6: EMPTY
Bucket 7: FULL (Ohio => Columbus)
Insertion of Pennsylvania => Harrisburg succeeded.
Bucket 0: EMPTY
Bucket 1: EMPTY
Bucket 2: FULL (Pennsylvania => Harrisburg)
Bucket 3: EMPTY
Bucket 4: FULL (Oklahoma => Oklahoma_City)
Bucket 5: FULL (Oregon => Salem)
Bucket 6: EMPTY
Bucket 7: FULL (Ohio => Columbus)
Insertion of Rhode_Island => Providence succeeded.
Bucket 0: EMPTY
Bucket 1: EMPTY
Bucket 2: FULL (Pennsylvania => Harrisburg)
Bucket 3: FULL (Rhode_Island => Providence)
Bucket 4: FULL (Oklahoma => Oklahoma_City)
Bucket 5: FULL (Oregon => Salem)
Bucket 6: EMPTY
Bucket 7: FULL (Ohio => Columbus)
Insertion of South_Carolina => Columbia succeeded.
Bucket 0: EMPTY
Bucket 1: EMPTY
Bucket 2: FULL (Pennsylvania => Harrisburg)
Bucket 3: FULL (Rhode_Island => Providence)
Bucket 4: FULL (Oklahoma => Oklahoma_City)
Bucket 5: FULL (Oregon => Salem)
Bucket 6: FULL (South_Carolina => Columbia)
Bucket 7: FULL (Ohio => Columbus)
Insertion of South_Dakota => Pierre succeeded.
Bucket 0: FULL (South_Dakota => Pierre)
Bucket 1: EMPTY
Bucket 2: FULL (Pennsylvania => Harrisburg)
Bucket 3: FULL (Rhode_Island => Providence)
Bucket 4: FULL (Oklahoma => Oklahoma_City)
Bucket 5: FULL (Oregon => Salem)
Bucket 6: FULL (South_Carolina => Columbia)
Bucket 7: FULL (Ohio => Columbus)
Insertion of Tennessee => Nashville succeeded.
Bucket 0: FULL (South_Dakota => Pierre)
Bucket 1: FULL (Tennessee => Nashville)
Bucket 2: FULL (Pennsylvania => Harrisburg)
Bucket 3: FULL (Rhode_Island => Providence)
Bucket 4: FULL (Oklahoma => Oklahoma_City)
Bucket 5: FULL (Oregon => Salem)
Bucket 6: FULL (South_Carolina => Columbia)
Bucket 7: FULL (Ohio => Columbus)
Insertion of Texas => Austin failed.
Bucket 0: FULL (South_Dakota => Pierre)
Bucket 1: FULL (Tennessee => Nashville)
Bucket 2: FULL (Pennsylvania => Harrisburg)
Bucket 3: FULL (Rhode_Island => Providence)
Bucket 4: FULL (Oklahoma => Oklahoma_City)
Bucket 5: FULL (Oregon => Salem)
Bucket 6: FULL (South_Carolina => Columbia)
Bucket 7: FULL (Ohio => Columbus)
Insertion of Utah => Salt_Lake_City failed.
Bucket 0: FULL (South_Dakota => Pierre)
Bucket 1: FULL (Tennessee => Nashville)
Bucket 2: FULL (Pennsylvania => Harrisburg)
Bucket 3: FULL (Rhode_Island => Providence)
Bucket 4: FULL (Oklahoma => Oklahoma_City)
Bucket 5: FULL (Oregon => Salem)
Bucket 6: FULL (South_Carolina => Columbia)
Bucket 7: FULL (Ohio => Columbus)
Table reset.
Bucket 0: EMPTY
Bucket 1: EMPTY
Bucket 2: EMPTY
Bucket 3: EMPTY
Bucket 4: EMPTY
Bucket 5: EMPTY
Bucket 6: EMPTY
Bucket 7: EMPTY
Insertion of Vermont => Montpelier succeeded.
Bucket 0: EMPTY
Bucket 1: EMPTY
Bucket 2: EMPTY
Bucket 3: FULL (Vermont => Montpelier)
Bucket 4: EMPTY
Bucket 5: EMPTY
Bucket 6: EMPTY
Bucket 7: EMPTY
Insertion of Virginia => Richmond succeeded.
Bucket 0: EMPTY
Bucket 1: EMPTY
Bucket 2: EMPTY
Bucket 3: FULL (Vermont => Montpelier)
Bucket 4: EMPTY
Bucket 5: FULL (Virginia => Richmond)
Bucket 6: EMPTY
Bucket 7: EMPTY
Insertion of Washington => Olympia succeeded.
Bucket 0: FULL (Washington => Olympia)
Bucket 1: EMPTY
Bucket 2: EMPTY
Bucket 3: FULL (Vermont => Montpelier)
Bucket 4: EMPTY
Bucket 5: FULL (Virginia => Richmond)
Bucket 6: EMPTY
Bucket 7: EMPTY
Insertion of West_Virginia => Charleston succeeded.
Bucket 0: FULL (Washington => Olympia)
Bucket 1: EMPTY
Bucket 2: EMPTY
Bucket 3: FULL (Vermont => Montpelier)
Bucket 4: EMPTY
Bucket 5: FULL (Virginia => Richmond)
Bucket 6: FULL (West_Virginia => Charleston)
Bucket 7: EMPTY
Insertion of Wisconsin => Madison succeeded.
Bucket 0: FULL (Washington => Olympia)
Bucket 1: EMPTY
Bucket 2: EMPTY
Bucket 3: FULL (Vermont => Montpelier)
Bucket 4: EMPTY
Bucket 5: FULL (Virginia => Richmond)
Bucket 6: FULL (West_Virginia => Charleston)
Bucket 7: FULL (Wisconsin => Madison)
Insertion of Wyoming => Cheyenne succeeded.
Bucket 0: FULL (Washington => Olympia)
Bucket 1: EMPTY
Bucket 2: FULL (Wyoming => Cheyenne)
Bucket 3: FULL (Vermont => Montpelier)
Bucket 4: EMPTY
Bucket 5: FULL (Virginia => Richmond)
Bucket 6: FULL (West_Virginia => Charleston)
Bucket 7: FULL (Wisconsin => Madison)
Table reset.
Bucket 0: EMPTY
Bucket 1: EMPTY
Bucket 2: EMPTY
Bucket 3: EMPTY
Bucket 4: EMPTY
Bucket 5: EMPTY
Bucket 6: EMPTY
Bucket 7: EMPTY
