dfa: 
#<NFA:0x30fe9e0 @start=["o"], @final=[["()"]], @delta={[]=>{"o"=>[[]]}, ["o"]=>{"o"=>[["()"]]}, ["()"]=>{"o"=>[[]]}}>
nfa: 
#<NFA:0x310770c @start="o", @final=["()"], @delta={"o"=>{"o"=>["()"]}}>
o

dfa: 
#<NFA:0x30fc410 @start=["l*"], @final=[["l*"]], @delta={["()l*"]=>{"l"=>[["()l*"]]}, ["l*"]=>{"l"=>[["()l*"]]}}>
nfa: 
#<NFA:0x3107144 @start="l*", @final=["l*"], @delta={"l*"=>{"l"=>["()l*"]}, "()l*"=>{"l"=>["()l*"]}}>

dfa: 
#<NFA:0x30f9238 @start=["l*o"], @final=[["()"]], @delta={[]=>{"l"=>[[]], "o"=>[[]]}, ["()"]=>{"l"=>[[]], "o"=>[[]]}, ["l*o"]=>{"l"=>[["()l*o"]], "o"=>[["()"]]}, ["()l*o"]=>{"l"=>[["()l*o"]], "o"=>[["()"]]}}>
nfa: 
#<NFA:0x3106550 @start="l*o", @final=["()"], @delta={"()l*o"=>{"l"=>["()l*o"], "o"=>["()"]}, "l*o"=>{"l"=>["()l*o"], "o"=>["()"]}}>
o
lo

dfa: 
#<NFA:0x30f6f60 @start=["o*l"], @final=[["()"]], @delta={[]=>{"l"=>[[]], "o"=>[[]]}, ["()"]=>{"l"=>[[]], "o"=>[[]]}, ["o*l"]=>{"l"=>[["()"]], "o"=>[["()o*l"]]}, ["()o*l"]=>{"l"=>[["()"]], "o"=>[["()o*l"]]}}>
nfa: 
#<NFA:0x31058bc @start="o*l", @final=["()"], @delta={"()o*l"=>{"l"=>["()"], "o"=>["()o*l"]}, "o*l"=>{"l"=>["()"], "o"=>["()o*l"]}}>
l
ol

dfa: 
#<NFA:0x30f34a0 @start=["ol*o"], @final=[["()"]], @delta={[]=>{"l"=>[[]], "o"=>[[]]}, ["ol*o"]=>{"l"=>[[]], "o"=>[["()l*o"]]}, ["()"]=>{"l"=>[[]], "o"=>[[]]}, ["()l*o"]=>{"l"=>[["()l*o"]], "o"=>[["()"]]}}>
nfa: 
#<NFA:0x3104a5c @start="ol*o", @final=["()"], @delta={"ol*o"=>{"o"=>["()l*o"]}, "()l*o"=>{"l"=>["()l*o"], "o"=>["()"]}}>
oo

dfa: 
#<NFA:0x30eac38 @start=["lo*o"], @final=[["()o*o", "()"]], @delta={[]=>{"l"=>[[]], "o"=>[[]]}, ["()o*o", "()"]=>{"l"=>[[]], "o"=>[["()o*o", "()"]]}, ["()o*o"]=>{"l"=>[[]], "o"=>[["()o*o", "()"]]}, ["lo*o"]=>{"l"=>[["()o*o"]], "o"=>[[]]}}>
nfa: 
#<NFA:0x3104660 @start="lo*o", @final=["()"], @delta={"lo*o"=>{"l"=>["()o*o"]}, "()o*o"=>{"o"=>["()o*o", "()"]}}>
lo

dfa: 
#<NFA:0x30e12f0 @start=["o*|l*"], @final=[["o*|l*"]], @delta={[]=>{"l"=>[[]], "o"=>[[]]}, ["()l*"]=>{"l"=>[["()l*"]], "o"=>[[]]}, ["()o*"]=>{"l"=>[[]], "o"=>[["()o*"]]}, ["o*|l*"]=>{"l"=>[["()l*"]], "o"=>[["()o*"]]}}>
nfa: 
#<NFA:0x3103fbc @start="o*|l*", @final=["o*|l*"], @delta={"()o*"=>{"o"=>["()o*"]}, "o*|l*"=>{"l"=>["()l*"], "o"=>["()o*"]}, "()l*"=>{"l"=>["()l*"]}}>

dfa: 
#<NFA:0x30d7e6c @start=["ol*|lo*"], @final=[["()l*"]], @delta={[]=>{"l"=>[[]], "o"=>[[]]}, ["()l*"]=>{"l"=>[["()l*"]], "o"=>[[]]}, ["ol*|lo*"]=>{"l"=>[["()o*"]], "o"=>[["()l*"]]}, ["()o*"]=>{"l"=>[[]], "o"=>[["()o*"]]}}>
nfa: 
#<NFA:0x31029dc @start="ol*|lo*", @final=["()l*"], @delta={"ol*|lo*"=>{"l"=>["()o*"], "o"=>["()l*"]}, "()o*"=>{"o"=>["()o*"]}, "()l*"=>{"l"=>["()l*"]}}>
o
ol

dfa: 
#<NFA:0x30d0694 @start=["l*ol*|l*"], @final=[["l*ol*|l*"]], @delta={[]=>{"l"=>[[]], "o"=>[[]]}, ["()l*"]=>{"l"=>[["()l*"]], "o"=>[[]]}, ["()l*ol*", "()l*"]=>{"l"=>[["()l*ol*", "()l*"]], "o"=>[["()l*"]]}, ["l*ol*|l*"]=>{"l"=>[["()l*ol*", "()l*"]], "o"=>[["()l*"]]}}>
nfa: 
#<NFA:0x3100b14 @start="l*ol*|l*", @final=["l*ol*|l*"], @delta={"l*ol*|l*"=>{"l"=>["()l*ol*", "()l*"], "o"=>["()l*"]}, "()l*ol*"=>{"l"=>["()l*ol*"], "o"=>["()l*"]}, "()l*"=>{"l"=>["()l*"]}}>

dfa: 
#<NFA:0x30c7d8c @start=["o*l|ol"], @final=[["()"], ["()", "()"]], @delta={["()", "()"]=>{"l"=>[[]], "o"=>[[]]}, []=>{"l"=>[[]], "o"=>[[]]}, ["()"]=>{"l"=>[[]], "o"=>[[]]}, ["()o*l", "()l"]=>{"l"=>[["()", "()"]], "o"=>[["()o*l"]]}, ["()o*l"]=>{"l"=>[["()"]], "o"=>[["()o*l"]]}, ["o*l|ol"]=>{"l"=>[["()"]], "o"=>[["()o*l", "()l"]]}}>
nfa: 
#<NFA:0x30ffcb4 @start="o*l|ol", @final=["()"], @delta={"()l"=>{"l"=>["()"]}, "o*l|ol"=>{"l"=>["()"], "o"=>["()o*l", "()l"]}, "()o*l"=>{"l"=>["()"], "o"=>["()o*l"]}}>
l
ol

