869	1020	1315	SFO
817	1430	1555	LAX
6654	1710	2009	DFW
Duration 0949

484	1339	1659	DCA
629	1832	2039	ORD
481	2143	0007	DFW
Duration 1028

6604	1234	1527	ATL
7493	1657	1905	ORD
481	2143	0007	DFW
Duration 1133

902	1233	1552	IAD
249	1720	1928	ORD
481	2143	0007	DFW
Duration 1134

227	1346	1619	LAX
320	1840	2000	SFO
6298	2222	0145	DFW
Duration 1159

227	1346	1619	LAX
926	1924	2049	SFO
6298	2222	0145	DFW
Duration 1159

18	1207	1528	BWI
473	1654	1901	ORD
481	2143	0007	DFW
Duration 1200

339	1339	1634	SEA
140	1908	2113	SFO
6298	2222	0145	DFW
Duration 1206

59	0800	1050	SFO
565	1230	1355	LAX
6654	1710	2009	DFW
Duration 1209

59	0800	1050	SFO
888	1351	1516	LAX
6654	1710	2009	DFW
Duration 1209

59	0800	1050	SFO
202	1201	1325	LAX
6654	1710	2009	DFW
Duration 1209

59	0800	1050	SFO
858	1320	1453	LAX
6654	1710	2009	DFW
Duration 1209

59	0800	1050	SFO
817	1430	1555	LAX
6654	1710	2009	DFW
Duration 1209

532	0800	1021	ORD
360	1215	1357	IAD
7039	1646	2018	DFW
Duration 1218

595	2122	0002	SFO
158	0138	0540	ORD
7505	0731	1000	DFW
Duration 1238

59	0800	1050	SFO
134	1158	1605	ORD
7041	1815	2055	DFW
Duration 1255

59	0800	1050	SFO
972	1253	1659	ORD
7041	1815	2055	DFW
Duration 1255

407	2059	2354	SEA
754	0220	0616	ORD
7505	0731	1000	DFW
Duration 1301

752	1100	1412	BWI
473	1654	1901	ORD
481	2143	0007	DFW
Duration 1307

244	1234	1458	ORD
973	1605	2039	SFO
6298	2222	0145	DFW
Duration 1311

69	1227	1500	LAX
320	1840	2000	SFO
6298	2222	0145	DFW
Duration 1318

581	1048	1401	IAD
249	1720	1928	ORD
481	2143	0007	DFW
Duration 1319

875	1034	1329	SEA
200	1635	2025	ORD
481	2143	0007	DFW
Duration 1333

988	1025	1252	LAX
116	1555	1955	ORD
481	2143	0007	DFW
Duration 1342

988	1025	1252	LAX
840	1503	1900	ORD
481	2143	0007	DFW
Duration 1342

988	1025	1252	LAX
942	1403	1800	ORD
481	2143	0007	DFW
Duration 1342

869	1020	1315	SFO
760	1558	2003	ORD
481	2143	0007	DFW
Duration 1347

869	1020	1315	SFO
830	1428	1838	ORD
481	2143	0007	DFW
Duration 1347

737	1937	2222	SFO
158	0138	0540	ORD
7505	0731	1000	DFW
Duration 1423

894	0936	1211	LAX
840	1503	1900	ORD
481	2143	0007	DFW
Duration 1431

894	0936	1211	LAX
116	1555	1955	ORD
481	2143	0007	DFW
Duration 1431

894	0936	1211	LAX
942	1403	1800	ORD
481	2143	0007	DFW
Duration 1431

595	2122	0002	SFO
198	0155	0657	IAD
326	0815	1154	DFW
Duration 1432

407	2059	2354	SEA
262	0216	0659	IAD
326	0815	1154	DFW
Duration 1455

581	1048	1401	IAD
219	1505	2113	SFO
6298	2222	0145	DFW
Duration 1457

765	2051	2320	LAX
44	0139	0624	IAD
326	0815	1154	DFW
Duration 1503

910	1041	1305	ORD
973	1605	2039	SFO
6298	2222	0145	DFW
Duration 1504

595	2122	0002	SFO
152	0259	0705	ORD
7539	1051	1321	DFW
Duration 1559

59	0800	1050	SFO
830	1428	1838	ORD
481	2143	0007	DFW
Duration 1607

59	0800	1050	SFO
906	1355	1805	ORD
481	2143	0007	DFW
Duration 1607

737	1937	2222	SFO
198	0155	0657	IAD
326	0815	1154	DFW
Duration 1617

235	1935	2208	LAX
44	0139	0624	IAD
326	0815	1154	DFW
Duration 1619

988	1025	1252	LAX
126	1415	0609	ORD
7505	0731	1000	DFW
Duration 2335

894	0936	1211	LAX
126	1415	0609	ORD
7505	0731	1000	DFW
Duration 2424

976	1752	2104	IAD
363	2210	0016	ORD
7589	0355	1825	DFW
Duration 2433

85	1729	1955	LAX
124	2105	0057	ORD
7589	0355	1825	DFW
Duration 2456

781	1625	1849	LAX
124	2105	0057	ORD
7589	0355	1825	DFW
Duration 2600

733	1544	1824	SFO
150	2004	0019	ORD
7589	0355	1825	DFW
Duration 2641

721	1412	1706	SFO
150	2004	0019	ORD
7589	0355	1825	DFW
Duration 2813

