6456	1259	1504	DEN
781	1625	1849	LAX
164	2036	2158	SFO
Duration 0859

33	0700	0906	DEN
988	1025	1252	LAX
556	1436	1605	SFO
Duration 0905

315	0907	1114	DEN
69	1227	1500	LAX
806	1649	1818	SFO
Duration 0911

6456	1259	1504	DEN
781	1625	1849	LAX
798	2138	2304	SFO
Duration 1005

33	0700	0906	DEN
875	1034	1329	SEA
844	1443	1705	SFO
Duration 1005

6456	1259	1504	DEN
85	1729	1955	LAX
798	2138	2304	SFO
Duration 1005

33	0700	0906	DEN
988	1025	1252	LAX
808	1535	1705	SFO
Duration 1005

723	1637	1848	DEN
765	2051	2320	LAX
263	0130	0252	SFO
Duration 1015

6537	0730	0948	ORD
531	1116	1544	LAX
806	1649	1818	SFO
Duration 1048

315	0907	1114	DEN
227	1346	1619	LAX
320	1840	2000	SFO
Duration 1053

315	0907	1114	DEN
69	1227	1500	LAX
320	1840	2000	SFO
Duration 1053

6537	0730	0948	ORD
279	1204	1444	DEN
733	1544	1824	SFO
Duration 1054

162	1529	1750	ORD
253	1942	2217	DEN
423	2339	0227	SFO
Duration 1058

6456	1259	1504	DEN
85	1729	1955	LAX
841	2253	0015	SFO
Duration 1116

33	0700	0906	DEN
69	1227	1500	LAX
806	1649	1818	SFO
Duration 1118

33	0700	0906	DEN
988	1025	1252	LAX
806	1649	1818	SFO
Duration 1118

162	1529	1750	ORD
839	1943	0014	LAX
263	0130	0252	SFO
Duration 1123

7505	1035	1253	ORD
107	1405	1828	LAX
164	2036	2158	SFO
Duration 1123

315	0907	1114	DEN
244	1234	1458	ORD
973	1605	2039	SFO
Duration 1132

315	0907	1114	DEN
227	1346	1619	LAX
926	1924	2049	SFO
Duration 1142

6456	1259	1504	DEN
6599	1800	2051	SEA
6848	2242	0047	SFO
Duration 1148

6456	1259	1504	DEN
85	1729	1955	LAX
712	2341	0103	SFO
Duration 1204

315	0907	1114	DEN
339	1339	1634	SEA
140	1908	2113	SFO
Duration 1206

6712	1415	1743	LAX
948	1915	2133	DEN
423	2339	0227	SFO
Duration 1212

6537	0730	0948	ORD
279	1204	1444	DEN
735	1714	1955	SFO
Duration 1225

6537	0730	0948	ORD
88	1316	1552	DEN
735	1714	1955	SFO
Duration 1225

7505	1035	1253	ORD
107	1405	1828	LAX
798	2138	2304	SFO
Duration 1229

6537	0730	0948	ORD
531	1116	1544	LAX
320	1840	2000	SFO
Duration 1230

7539	1357	1615	ORD
253	1942	2217	DEN
423	2339	0227	SFO
Duration 1230

7539	1357	1615	ORD
941	1800	2041	DEN
423	2339	0227	SFO
Duration 1230

6537	0730	0948	ORD
945	1300	1730	LAX
320	1840	2000	SFO
Duration 1230

7505	1035	1253	ORD
728	1410	1600	IAD
975	1715	2322	SFO
Duration 1247

7539	1357	1615	ORD
839	1943	0014	LAX
263	0130	0252	SFO
Duration 1255

7539	1357	1615	ORD
943	1819	2255	LAX
263	0130	0252	SFO
Duration 1255

33	0700	0906	DEN
69	1227	1500	LAX
320	1840	2000	SFO
Duration 1300

6456	1259	1504	DEN
938	1752	2011	ORD
155	2121	0205	SFO
Duration 1306

6537	0730	0948	ORD
945	1300	1730	LAX
926	1924	2049	SFO
Duration 1319

6537	0730	0948	ORD
531	1116	1544	LAX
926	1924	2049	SFO
Duration 1319

7505	1035	1253	ORD
909	1605	1850	DEN
595	2122	0002	SFO
Duration 1327

370	1236	1533	IAD
249	1720	1928	ORD
155	2121	0205	SFO
Duration 1329

315	0907	1114	DEN
244	1234	1458	ORD
907	1802	2245	SFO
Duration 1338

315	0907	1114	DEN
956	1353	1617	ORD
907	1802	2245	SFO
Duration 1338

33	0700	0906	DEN
244	1234	1458	ORD
973	1605	2039	SFO
Duration 1339

33	0700	0906	DEN
910	1041	1305	ORD
973	1605	2039	SFO
Duration 1339

7505	1035	1253	ORD
123	1623	2045	LAX
841	2253	0015	SFO
Duration 1340

6537	0730	0948	ORD
331	1050	1517	SEA
140	1908	2113	SFO
Duration 1343

6537	0730	0948	ORD
360	1215	1357	IAD
219	1505	2113	SFO
Duration 1343

370	1236	1533	IAD
937	1729	2130	DEN
423	2339	0227	SFO
Duration 1351

7505	1035	1253	ORD
896	1415	1638	BOS
179	1749	0039	SFO
Duration 1404

7505	1035	1253	ORD
929	1625	2045	SEA
6848	2242	0047	SFO
Duration 1412

33	0700	0906	DEN
581	1048	1401	IAD
219	1505	2113	SFO
Duration 1413

315	0907	1114	DEN
902	1233	1552	IAD
975	1715	2322	SFO
Duration 1415

370	1236	1533	IAD
951	1740	2311	LAX
263	0130	0252	SFO
Duration 1416

6537	0730	0948	ORD
945	1300	1730	LAX
164	2036	2158	SFO
Duration 1428

7505	1035	1253	ORD
123	1623	2045	LAX
712	2341	0103	SFO
Duration 1428

6537	0730	0948	ORD
88	1316	1552	DEN
737	1937	2222	SFO
Duration 1452

6537	0730	0948	ORD
360	1215	1357	IAD
915	1621	2222	SFO
Duration 1452

315	0907	1114	DEN
908	1455	1718	ORD
153	1943	0029	SFO
Duration 1522

315	0907	1114	DEN
956	1353	1617	ORD
153	1943	0029	SFO
Duration 1522

33	0700	0906	DEN
581	1048	1401	IAD
915	1621	2222	SFO
Duration 1522

315	0907	1114	DEN
789	1249	1640	BOS
179	1749	0039	SFO
Duration 1532

33	0700	0906	DEN
244	1234	1458	ORD
907	1802	2245	SFO
Duration 1545

6537	0730	0948	ORD
360	1215	1357	IAD
975	1715	2322	SFO
Duration 1552

33	0700	0906	DEN
902	1233	1552	IAD
975	1715	2322	SFO
Duration 1622

33	0700	0906	DEN
581	1048	1401	IAD
975	1715	2322	SFO
Duration 1622

6537	0730	0948	ORD
532	1201	1416	BOS
179	1749	0039	SFO
Duration 1709

33	0700	0906	DEN
789	1249	1640	BOS
179	1749	0039	SFO
Duration 1739

6811	2053	0026	LAX
44	0139	0624	IAD
846	0840	1458	SFO
Duration 1805

6811	2053	0026	LAX
166	0135	0702	BOS
537	0822	1510	SFO
Duration 1817

6811	2053	0026	LAX
82	0155	0713	JFK
642	1109	1752	SFO
Duration 2059

6811	2053	0026	LAX
166	0135	0702	BOS
77	1053	1752	SFO
Duration 2059

