938	1752	2011	ORD
481	2143	0007	DFW
Duration 0615

956	1353	1617	ORD
7041	1815	2055	DFW
Duration 0702

532	0800	1021	ORD
521	1300	1538	DFW
Duration 0738

69	1227	1500	LAX
6654	1710	2009	DFW
Duration 0742

244	1234	1458	ORD
7041	1815	2055	DFW
Duration 0821

940	1545	1812	ORD
481	2143	0007	DFW
Duration 0822

735	1714	1955	SFO
6298	2222	0145	DFW
Duration 0831

59	0800	1050	SFO
838	1329	1655	DFW
Duration 0855

581	1048	1401	IAD
7039	1646	2018	DFW
Duration 0930

733	1544	1824	SFO
6298	2222	0145	DFW
Duration 1001

258	2343	0154	ORD
7589	0355	1825	DFW
Duration 1842

