902	1233	1552	IAD
7114	1700	1836	JFK
Duration 0603

581	1048	1401	IAD
7114	1700	1836	JFK
Duration 0748

733	1544	1824	SFO
14	1929	0059	JFK
Duration 0915

595	2122	0002	SFO
34	0135	0705	JFK
Duration 0943

988	1025	1252	LAX
890	1500	2019	JFK
Duration 0954

59	0800	1050	SFO
8	1222	1800	JFK
Duration 1000

69	1227	1500	LAX
26	1705	2229	JFK
Duration 1002

415	1222	1515	SFO
12	1655	2240	JFK
Duration 1018

765	2051	2320	LAX
82	0155	0713	JFK
Duration 1022

894	0936	1211	LAX
890	1500	2019	JFK
Duration 1043

721	1412	1706	SFO
14	1929	0059	JFK
Duration 1047

227	1346	1619	LAX
28	1927	0044	JFK
Duration 1058

869	1020	1315	SFO
870	1605	2135	JFK
Duration 1115

59	0800	1050	SFO
10	1337	1915	JFK
Duration 1115

737	1937	2222	SFO
34	0135	0705	JFK
Duration 1128

235	1935	2208	LAX
82	0155	0713	JFK
Duration 1138

869	1020	1315	SFO
12	1655	2240	JFK
Duration 1220

