33	0700	0906	DEN
910	1041	1305	ORD
728	1410	1600	IAD
Duration 0900

315	0907	1114	DEN
244	1234	1458	ORD
176	1713	1900	IAD
Duration 0953

7505	1035	1253	ORD
896	1415	1638	BOS
861	1925	2104	IAD
Duration 1029

7505	1035	1253	ORD
7493	1427	1620	ATL
7269	1918	2111	IAD
Duration 1036

6456	1259	1504	DEN
938	1752	2011	ORD
514	2207	2347	IAD
Duration 1048

6537	0730	0948	ORD
532	1201	1416	BOS
7768	1645	1829	IAD
Duration 1059

6456	1259	1504	DEN
781	1625	1849	LAX
210	1953	0030	IAD
Duration 1131

315	0907	1114	DEN
69	1227	1500	LAX
856	1605	2050	IAD
Duration 1143

315	0907	1114	DEN
789	1249	1640	BOS
861	1925	2104	IAD
Duration 1157

315	0907	1114	DEN
908	1455	1718	ORD
990	1908	2104	IAD
Duration 1157

315	0907	1114	DEN
956	1353	1617	ORD
990	1908	2104	IAD
Duration 1157

33	0700	0906	DEN
244	1234	1458	ORD
176	1713	1900	IAD
Duration 1200

315	0907	1114	DEN
7565	1441	1726	ATL
7269	1918	2111	IAD
Duration 1204

315	0907	1114	DEN
6604	1234	1527	ATL
7269	1918	2111	IAD
Duration 1204

837	0820	1220	SFO
858	1320	1453	LAX
856	1605	2050	IAD
Duration 1230

7505	1035	1253	ORD
909	1605	1850	DEN
317	2001	2316	IAD
Duration 1241

33	0700	0906	DEN
988	1025	1252	LAX
31	1510	1943	IAD
Duration 1243

837	0820	1220	SFO
906	1355	1805	ORD
990	1908	2104	IAD
Duration 1244

837	0820	1220	SFO
862	1411	1644	DEN
976	1752	2104	IAD
Duration 1244

33	0700	0906	DEN
869	1020	1315	SFO
540	1453	2003	IAD
Duration 1303

6537	0730	0948	ORD
88	1316	1552	DEN
976	1752	2104	IAD
Duration 1334

6537	0730	0948	ORD
279	1204	1444	DEN
976	1752	2104	IAD
Duration 1334

723	1637	1848	DEN
765	2051	2320	LAX
44	0139	0624	IAD
Duration 1347

33	0700	0906	DEN
69	1227	1500	LAX
856	1605	2050	IAD
Duration 1350

33	0700	0906	DEN
988	1025	1252	LAX
856	1605	2050	IAD
Duration 1350

7505	1035	1253	ORD
107	1405	1828	LAX
210	1953	0030	IAD
Duration 1355

33	0700	0906	DEN
869	1020	1315	SFO
847	1558	2103	IAD
Duration 1403

33	0700	0906	DEN
789	1249	1640	BOS
861	1925	2104	IAD
Duration 1404

33	0700	0906	DEN
875	1034	1329	SEA
260	1616	2104	IAD
Duration 1404

7505	1035	1253	ORD
909	1605	1850	DEN
70	2131	0045	IAD
Duration 1410

33	0700	0906	DEN
6604	1234	1527	ATL
7269	1918	2111	IAD
Duration 1411

723	1637	1848	DEN
595	2122	0002	SFO
198	0155	0657	IAD
Duration 1420

723	1637	1848	DEN
407	2059	2354	SEA
262	0216	0659	IAD
Duration 1422

6811	2053	0026	LAX
166	0135	0702	BOS
897	0929	1117	IAD
Duration 1424

6811	2053	0026	LAX
82	0155	0713	JFK
7111	1009	1135	IAD
Duration 1442

6934	2040	0043	SFO
152	0259	0705	ORD
382	0951	1132	IAD
Duration 1452

162	1529	1750	ORD
839	1943	0014	LAX
44	0139	0624	IAD
Duration 1455

837	0820	1220	SFO
753	1605	1836	DEN
317	2001	2316	IAD
Duration 1456

837	0820	1220	SFO
862	1411	1644	DEN
317	2001	2316	IAD
Duration 1456

315	0907	1114	DEN
721	1412	1706	SFO
220	1924	0030	IAD
Duration 1523

315	0907	1114	DEN
227	1346	1619	LAX
210	1953	0030	IAD
Duration 1523

837	0820	1220	SFO
760	1558	2003	ORD
514	2207	2347	IAD
Duration 1527

837	0820	1220	SFO
830	1428	1838	ORD
514	2207	2347	IAD
Duration 1527

162	1529	1750	ORD
153	1943	0029	SFO
198	0155	0657	IAD
Duration 1528

837	0820	1220	SFO
817	1430	1555	LAX
210	1953	0030	IAD
Duration 1610

837	0820	1220	SFO
867	1509	1634	LAX
210	1953	0030	IAD
Duration 1610

837	0820	1220	SFO
111	1605	1730	LAX
210	1953	0030	IAD
Duration 1610

837	0820	1220	SFO
753	1605	1836	DEN
70	2131	0045	IAD
Duration 1625

7539	1357	1615	ORD
839	1943	0014	LAX
44	0139	0624	IAD
Duration 1627

7539	1357	1615	ORD
943	1819	2255	LAX
44	0139	0624	IAD
Duration 1627

6712	1415	1743	LAX
164	2036	2158	SFO
198	0155	0657	IAD
Duration 1642

6712	1415	1743	LAX
798	2138	2304	SFO
198	0155	0657	IAD
Duration 1642

6537	0730	0948	ORD
945	1300	1730	LAX
210	1953	0030	IAD
Duration 1700

6537	0730	0948	ORD
609	1258	1752	SFO
220	1924	0030	IAD
Duration 1700

7539	1357	1615	ORD
907	1802	2245	SFO
198	0155	0657	IAD
Duration 1700

7539	1357	1615	ORD
153	1943	0029	SFO
198	0155	0657	IAD
Duration 1700

6537	0730	0948	ORD
40	1102	1549	SFO
220	1924	0030	IAD
Duration 1700

7539	1357	1615	ORD
371	1819	2235	SEA
262	0216	0659	IAD
Duration 1702

