583	2029	2239	DEN
423	2339	0227	SFO
Duration 0558

6811	2053	0026	LAX
263	0130	0252	SFO
Duration 0559

315	0907	1114	DEN
415	1222	1515	SFO
Duration 0608

33	0700	0906	DEN
869	1020	1315	SFO
Duration 0615

6712	1415	1743	LAX
926	1924	2049	SFO
Duration 0634

6456	1259	1504	DEN
735	1714	1955	SFO
Duration 0656

723	1637	1848	DEN
595	2122	0002	SFO
Duration 0725

6712	1415	1743	LAX
164	2036	2158	SFO
Duration 0743

315	0907	1114	DEN
721	1412	1706	SFO
Duration 0759

7585	1802	2020	ORD
155	2121	0205	SFO
Duration 0803

33	0700	0906	DEN
415	1222	1515	SFO
Duration 0815

6537	0730	0948	ORD
40	1102	1549	SFO
Duration 0819

7539	1357	1615	ORD
907	1802	2245	SFO
Duration 0848

6712	1415	1743	LAX
798	2138	2304	SFO
Duration 0849

162	1529	1750	ORD
153	1943	0029	SFO
Duration 0900

588	1757	2054	IAD
225	2159	0400	SFO
Duration 1003

7505	1035	1253	ORD
973	1605	2039	SFO
Duration 1004

6537	0730	0948	ORD
609	1258	1752	SFO
Duration 1022

7539	1357	1615	ORD
153	1943	0029	SFO
Duration 1032

162	1529	1750	ORD
155	2121	0205	SFO
Duration 1036

370	1236	1533	IAD
975	1715	2322	SFO
Duration 1046

