812	1228	1425	DFW
162	1529	1750	ORD
990	1908	2104	IAD
Duration 0836

484	1339	1659	DCA
629	1832	2039	ORD
514	2207	2347	IAD
Duration 1008

910	1041	1305	ORD
896	1415	1638	BOS
861	1925	2104	IAD
Duration 1023

532	0800	1021	ORD
532	1201	1416	BOS
7768	1645	1829	IAD
Duration 1029

910	1041	1305	ORD
7493	1427	1620	ATL
7269	1918	2111	IAD
Duration 1030

5456	1029	1223	DFW
7539	1357	1615	ORD
990	1908	2104	IAD
Duration 1035

5456	1029	1223	DFW
162	1529	1750	ORD
990	1908	2104	IAD
Duration 1035

988	1025	1252	LAX
942	1403	1800	ORD
990	1908	2104	IAD
Duration 1039

59	0800	1050	SFO
134	1158	1605	ORD
176	1713	1900	IAD
Duration 1100

6604	1234	1527	ATL
7493	1657	1905	ORD
514	2207	2347	IAD
Duration 1113

812	1228	1425	DFW
7585	1802	2020	ORD
514	2207	2347	IAD
Duration 1119

595	2122	0002	SFO
158	0138	0540	ORD
922	0700	0846	IAD
Duration 1124

894	0936	1211	LAX
942	1403	1800	ORD
990	1908	2104	IAD
Duration 1128

18	1207	1528	BWI
473	1654	1901	ORD
514	2207	2347	IAD
Duration 1140

59	0800	1050	SFO
565	1230	1355	LAX
31	1510	1943	IAD
Duration 1143

59	0800	1050	SFO
202	1201	1325	LAX
31	1510	1943	IAD
Duration 1143

69	1227	1500	LAX
806	1649	1818	SFO
220	1924	0030	IAD
Duration 1203

6599	1800	2051	SEA
6599	2152	0024	LAX
44	0139	0624	IAD
Duration 1224

252	1754	1949	DFW
6811	2053	0026	LAX
44	0139	0624	IAD
Duration 1230

752	1100	1412	BWI
473	1654	1901	ORD
514	2207	2347	IAD
Duration 1247

59	0800	1050	SFO
858	1320	1453	LAX
856	1605	2050	IAD
Duration 1250

59	0800	1050	SFO
565	1230	1355	LAX
856	1605	2050	IAD
Duration 1250

59	0800	1050	SFO
202	1201	1325	LAX
856	1605	2050	IAD
Duration 1250

59	0800	1050	SFO
8	1222	1800	JFK
7114	1920	2050	IAD
Duration 1250

59	0800	1050	SFO
838	1329	1655	DFW
588	1757	2054	IAD
Duration 1254

532	0800	1021	ORD
521	1300	1538	DFW
588	1757	2054	IAD
Duration 1254

6599	1800	2051	SEA
6848	2242	0047	SFO
198	0155	0657	IAD
Duration 1257

532	0800	1021	ORD
896	1415	1638	BOS
861	1925	2104	IAD
Duration 1304

59	0800	1050	SFO
134	1158	1605	ORD
990	1908	2104	IAD
Duration 1304

59	0800	1050	SFO
972	1253	1659	ORD
990	1908	2104	IAD
Duration 1304

59	0800	1050	SFO
906	1355	1805	ORD
990	1908	2104	IAD
Duration 1304

737	1937	2222	SFO
158	0138	0540	ORD
922	0700	0846	IAD
Duration 1309

735	1714	1955	SFO
931	2210	2332	LAX
44	0139	0624	IAD
Duration 1310

735	1714	1955	SFO
145	2058	2220	LAX
44	0139	0624	IAD
Duration 1310

875	1034	1329	SEA
200	1635	2025	ORD
514	2207	2347	IAD
Duration 1313

988	1025	1252	LAX
116	1555	1955	ORD
514	2207	2347	IAD
Duration 1322

988	1025	1252	LAX
840	1503	1900	ORD
514	2207	2347	IAD
Duration 1322

869	1020	1315	SFO
830	1428	1838	ORD
514	2207	2347	IAD
Duration 1327

869	1020	1315	SFO
760	1558	2003	ORD
514	2207	2347	IAD
Duration 1327

85	1729	1955	LAX
841	2253	0015	SFO
198	0155	0657	IAD
Duration 1328

85	1729	1955	LAX
798	2138	2304	SFO
198	0155	0657	IAD
Duration 1328

910	1041	1305	ORD
107	1405	1828	LAX
210	1953	0030	IAD
Duration 1349

595	2122	0002	SFO
180	0140	0705	BOS
897	0929	1117	IAD
Duration 1355

875	1034	1329	SEA
844	1443	1705	SFO
220	1924	0030	IAD
Duration 1356

5456	1029	1223	DFW
6712	1415	1743	LAX
210	1953	0030	IAD
Duration 1401

988	1025	1252	LAX
556	1436	1605	SFO
220	1924	0030	IAD
Duration 1405

988	1025	1252	LAX
806	1649	1818	SFO
220	1924	0030	IAD
Duration 1405

988	1025	1252	LAX
808	1535	1705	SFO
220	1924	0030	IAD
Duration 1405

595	2122	0002	SFO
152	0259	0705	ORD
382	0951	1132	IAD
Duration 1410

869	1020	1315	SFO
817	1430	1555	LAX
210	1953	0030	IAD
Duration 1410

869	1020	1315	SFO
867	1509	1634	LAX
210	1953	0030	IAD
Duration 1410

869	1020	1315	SFO
111	1605	1730	LAX
210	1953	0030	IAD
Duration 1410

894	0936	1211	LAX
116	1555	1955	ORD
514	2207	2347	IAD
Duration 1411

894	0936	1211	LAX
840	1503	1900	ORD
514	2207	2347	IAD
Duration 1411

595	2122	0002	SFO
34	0135	0705	JFK
7111	1009	1135	IAD
Duration 1413

765	2051	2320	LAX
166	0135	0702	BOS
897	0929	1117	IAD
Duration 1426

781	1625	1849	LAX
164	2036	2158	SFO
198	0155	0657	IAD
Duration 1432

781	1625	1849	LAX
798	2138	2304	SFO
198	0155	0657	IAD
Duration 1432

407	2059	2354	SEA
754	0220	0616	ORD
382	0951	1132	IAD
Duration 1433

940	1545	1812	ORD
839	1943	0014	LAX
44	0139	0624	IAD
Duration 1439

733	1544	1824	SFO
931	2210	2332	LAX
44	0139	0624	IAD
Duration 1440

733	1544	1824	SFO
145	2058	2220	LAX
44	0139	0624	IAD
Duration 1440

765	2051	2320	LAX
82	0155	0713	JFK
7111	1009	1135	IAD
Duration 1444

7584	1530	1724	DFW
6811	2053	0026	LAX
44	0139	0624	IAD
Duration 1454

894	0936	1211	LAX
808	1535	1705	SFO
220	1924	0030	IAD
Duration 1454

894	0936	1211	LAX
556	1436	1605	SFO
220	1924	0030	IAD
Duration 1454

940	1545	1812	ORD
153	1943	0029	SFO
198	0155	0657	IAD
Duration 1512

7584	1530	1724	DFW
6934	2040	0043	SFO
198	0155	0657	IAD
Duration 1527

908	1455	1718	ORD
943	1819	2255	LAX
44	0139	0624	IAD
Duration 1529

908	1455	1718	ORD
839	1943	0014	LAX
44	0139	0624	IAD
Duration 1529

737	1937	2222	SFO
180	0140	0705	BOS
897	0929	1117	IAD
Duration 1540

235	1935	2208	LAX
166	0135	0702	BOS
897	0929	1117	IAD
Duration 1542

59	0800	1050	SFO
830	1428	1838	ORD
514	2207	2347	IAD
Duration 1547

737	1937	2222	SFO
34	0135	0705	JFK
7111	1009	1135	IAD
Duration 1558

235	1935	2208	LAX
82	0155	0713	JFK
7111	1009	1135	IAD
Duration 1600

908	1455	1718	ORD
153	1943	0029	SFO
198	0155	0657	IAD
Duration 1602

908	1455	1718	ORD
371	1819	2235	SEA
262	0216	0659	IAD
Duration 1604

721	1412	1706	SFO
145	2058	2220	LAX
44	0139	0624	IAD
Duration 1612

532	0800	1021	ORD
945	1300	1730	LAX
210	1953	0030	IAD
Duration 1630

532	0800	1021	ORD
107	1405	1828	LAX
210	1953	0030	IAD
Duration 1630

532	0800	1021	ORD
609	1258	1752	SFO
220	1924	0030	IAD
Duration 1630

59	0800	1050	SFO
817	1430	1555	LAX
210	1953	0030	IAD
Duration 1630

956	1353	1617	ORD
943	1819	2255	LAX
44	0139	0624	IAD
Duration 1631

956	1353	1617	ORD
839	1943	0014	LAX
44	0139	0624	IAD
Duration 1631

339	1339	1634	SEA
6527	1908	2140	LAX
44	0139	0624	IAD
Duration 1645

956	1353	1617	ORD
907	1802	2245	SFO
198	0155	0657	IAD
Duration 1704

956	1353	1617	ORD
153	1943	0029	SFO
198	0155	0657	IAD
Duration 1704

956	1353	1617	ORD
371	1819	2235	SEA
262	0216	0659	IAD
Duration 1706

789	1249	1640	BOS
167	1758	0035	LAX
44	0139	0624	IAD
Duration 1735

244	1234	1458	ORD
943	1819	2255	LAX
44	0139	0624	IAD
Duration 1750

789	1249	1640	BOS
179	1749	0039	SFO
198	0155	0657	IAD
Duration 1808

18	1207	1528	BWI
307	1634	2238	LAX
44	0139	0624	IAD
Duration 1817

244	1234	1458	ORD
907	1802	2245	SFO
198	0155	0657	IAD
Duration 1823

244	1234	1458	ORD
371	1819	2235	SEA
262	0216	0659	IAD
Duration 1825

752	1100	1412	BWI
307	1634	2238	LAX
44	0139	0624	IAD
Duration 1924

988	1025	1252	LAX
126	1415	0609	ORD
382	0951	1132	IAD
Duration 2507

894	0936	1211	LAX
126	1415	0609	ORD
382	0951	1132	IAD
Duration 2556

