370	1236	1533	IAD
7269	1645	1836	ATL
7560	1944	2158	ORD
Duration 0922

315	0907	1114	DEN
6604	1234	1527	ATL
7493	1657	1905	ORD
Duration 0958

315	0907	1114	DEN
902	1233	1552	IAD
249	1720	1928	ORD
Duration 1021

33	0700	0906	DEN
988	1025	1252	LAX
942	1403	1800	ORD
Duration 1100

6456	1259	1504	DEN
976	1752	2104	IAD
363	2210	0016	ORD
Duration 1117

315	0907	1114	DEN
484	1339	1659	DCA
629	1832	2039	ORD
Duration 1132

837	0820	1220	SFO
858	1320	1453	LAX
116	1555	1955	ORD
Duration 1135

33	0700	0906	DEN
869	1020	1315	SFO
830	1428	1838	ORD
Duration 1138

6712	1415	1743	LAX
948	1915	2133	DEN
258	2343	0154	ORD
Duration 1139

837	0820	1220	SFO
862	1411	1644	DEN
938	1752	2011	ORD
Duration 1151

6456	1259	1504	DEN
781	1625	1849	LAX
124	2105	0057	ORD
Duration 1158

6456	1259	1504	DEN
85	1729	1955	LAX
124	2105	0057	ORD
Duration 1158

33	0700	0906	DEN
988	1025	1252	LAX
840	1503	1900	ORD
Duration 1200

33	0700	0906	DEN
18	1207	1528	BWI
473	1654	1901	ORD
Duration 1201

33	0700	0906	DEN
752	1100	1412	BWI
473	1654	1901	ORD
Duration 1201

33	0700	0906	DEN
6604	1234	1527	ATL
7493	1657	1905	ORD
Duration 1205

837	0820	1220	SFO
322	1330	1530	SEA
200	1635	2025	ORD
Duration 1205

315	0907	1114	DEN
69	1227	1500	LAX
843	1717	2117	ORD
Duration 1210

33	0700	0906	DEN
902	1233	1552	IAD
249	1720	1928	ORD
Duration 1228

33	0700	0906	DEN
581	1048	1401	IAD
249	1720	1928	ORD
Duration 1228

315	0907	1114	DEN
484	1339	1659	DCA
631	1930	2140	ORD
Duration 1233

315	0907	1114	DEN
7565	1441	1726	ATL
7560	1944	2158	ORD
Duration 1251

315	0907	1114	DEN
789	1249	1640	BOS
545	1916	2158	ORD
Duration 1251

33	0700	0906	DEN
988	1025	1252	LAX
116	1555	1955	ORD
Duration 1255

837	0820	1220	SFO
888	1351	1516	LAX
843	1717	2117	ORD
Duration 1257

837	0820	1220	SFO
858	1320	1453	LAX
843	1717	2117	ORD
Duration 1257

837	0820	1220	SFO
817	1430	1555	LAX
843	1717	2117	ORD
Duration 1257

33	0700	0906	DEN
869	1020	1315	SFO
760	1558	2003	ORD
Duration 1303

723	1637	1848	DEN
595	2122	0002	SFO
158	0138	0540	ORD
Duration 1303

6811	2053	0026	LAX
44	0139	0624	IAD
991	0801	1003	ORD
Duration 1310

370	1236	1533	IAD
937	1729	2130	DEN
258	2343	0154	ORD
Duration 1318

6934	2040	0043	SFO
198	0155	0657	IAD
991	0801	1003	ORD
Duration 1323

33	0700	0906	DEN
875	1034	1329	SEA
200	1635	2025	ORD
Duration 1325

837	0820	1220	SFO
862	1411	1644	DEN
254	1925	2146	ORD
Duration 1326

723	1637	1848	DEN
407	2059	2354	SEA
754	0220	0616	ORD
Duration 1339

33	0700	0906	DEN
69	1227	1500	LAX
843	1717	2117	ORD
Duration 1417

723	1637	1848	DEN
595	2122	0002	SFO
152	0259	0705	ORD
Duration 1428

6811	2053	0026	LAX
166	0135	0702	BOS
895	0855	1142	ORD
Duration 1449

33	0700	0906	DEN
789	1249	1640	BOS
545	1916	2158	ORD
Duration 1458

6811	2053	0026	LAX
44	0139	0624	IAD
865	0949	1156	ORD
Duration 1503

315	0907	1114	DEN
721	1412	1706	SFO
150	2004	0019	ORD
Duration 1512

6934	2040	0043	SFO
198	0155	0657	IAD
865	0949	1156	ORD
Duration 1516

6712	1415	1743	LAX
798	2138	2304	SFO
158	0138	0540	ORD
Duration 1525

6712	1415	1743	LAX
164	2036	2158	SFO
158	0138	0540	ORD
Duration 1525

837	0820	1220	SFO
753	1605	1836	DEN
256	2134	2349	ORD
Duration 1529

837	0820	1220	SFO
847	1558	2103	IAD
363	2210	0016	ORD
Duration 1556

837	0820	1220	SFO
540	1453	2003	IAD
363	2210	0016	ORD
Duration 1556

837	0820	1220	SFO
100	1338	1847	IAD
363	2210	0016	ORD
Duration 1556

837	0820	1220	SFO
111	1605	1730	LAX
124	2105	0057	ORD
Duration 1637

6811	2053	0026	LAX
166	0135	0702	BOS
7509	1055	1342	ORD
Duration 1649

6712	1415	1743	LAX
798	2138	2304	SFO
152	0259	0705	ORD
Duration 1650

370	1236	1533	IAD
975	1715	2322	SFO
158	0138	0540	ORD
Duration 1704

370	1236	1533	IAD
917	1715	2300	SEA
754	0220	0616	ORD
Duration 1740

370	1236	1533	IAD
975	1715	2322	SFO
152	0259	0705	ORD
Duration 1829

33	0700	0906	DEN
988	1025	1252	LAX
126	1415	0609	ORD
Duration 2309

