583	2029	2239	DEN
509	2342	0242	SEA
Duration 0613

33	0700	0906	DEN
875	1034	1329	SEA
Duration 0629

837	0820	1220	SFO
322	1330	1530	SEA
Duration 0710

723	1637	1848	DEN
407	2059	2354	SEA
Duration 0717

315	0907	1114	DEN
339	1339	1634	SEA
Duration 0727

6712	1415	1743	LAX
6968	1920	2157	SEA
Duration 0742

6537	0730	0948	ORD
331	1050	1517	SEA
Duration 0747

6456	1259	1504	DEN
6599	1800	2051	SEA
Duration 0752

7585	1802	2020	ORD
117	2130	0156	SEA
Duration 0754

7539	1357	1615	ORD
371	1819	2235	SEA
Duration 0838

837	0820	1220	SFO
820	1604	1816	SEA
Duration 0956

7505	1035	1253	ORD
929	1625	2045	SEA
Duration 1010

370	1236	1533	IAD
917	1715	2300	SEA
Duration 1024

162	1529	1750	ORD
117	2130	0156	SEA
Duration 1027

