781	1625	1849	LAX
164	2036	2158	SFO
479	2320	0128	SEA
Duration 0903

69	1227	1500	LAX
806	1649	1818	SFO
573	1952	2203	SEA
Duration 0936

85	1729	1955	LAX
841	2253	0015	SFO
62	0135	0332	SEA
Duration 1003

85	1729	1955	LAX
798	2138	2304	SFO
62	0135	0332	SEA
Duration 1003

59	0800	1050	SFO
565	1230	1355	LAX
6904	1550	1833	SEA
Duration 1033

59	0800	1050	SFO
202	1201	1325	LAX
6904	1550	1833	SEA
Duration 1033

781	1625	1849	LAX
798	2138	2304	SFO
62	0135	0332	SEA
Duration 1107

781	1625	1849	LAX
164	2036	2158	SFO
62	0135	0332	SEA
Duration 1107

5456	1029	1223	DFW
6712	1415	1743	LAX
6968	1920	2157	SEA
Duration 1128

869	1020	1315	SFO
111	1605	1730	LAX
6968	1920	2157	SEA
Duration 1137

869	1020	1315	SFO
867	1509	1634	LAX
6968	1920	2157	SEA
Duration 1137

869	1020	1315	SFO
817	1430	1555	LAX
6968	1920	2157	SEA
Duration 1137

988	1025	1252	LAX
806	1649	1818	SFO
573	1952	2203	SEA
Duration 1138

988	1025	1252	LAX
808	1535	1705	SFO
573	1952	2203	SEA
Duration 1138

988	1025	1252	LAX
556	1436	1605	SFO
573	1952	2203	SEA
Duration 1138

227	1346	1619	LAX
926	1924	2049	SFO
479	2320	0128	SEA
Duration 1142

227	1346	1619	LAX
320	1840	2000	SFO
479	2320	0128	SEA
Duration 1142

940	1545	1812	ORD
153	1943	0029	SFO
62	0135	0332	SEA
Duration 1147

5456	1029	1223	DFW
7539	1357	1615	ORD
371	1819	2235	SEA
Duration 1206

910	1041	1305	ORD
728	1410	1600	IAD
917	1715	2300	SEA
Duration 1219

894	0936	1211	LAX
808	1535	1705	SFO
573	1952	2203	SEA
Duration 1227

894	0936	1211	LAX
556	1436	1605	SFO
573	1952	2203	SEA
Duration 1227

908	1455	1718	ORD
153	1943	0029	SFO
62	0135	0332	SEA
Duration 1237

244	1234	1458	ORD
973	1605	2039	SFO
479	2320	0128	SEA
Duration 1254

69	1227	1500	LAX
320	1840	2000	SFO
479	2320	0128	SEA
Duration 1301

6604	1234	1527	ATL
7493	1657	1905	ORD
117	2130	0156	SEA
Duration 1322

902	1233	1552	IAD
249	1720	1928	ORD
117	2130	0156	SEA
Duration 1323

812	1228	1425	DFW
7585	1802	2020	ORD
117	2130	0156	SEA
Duration 1328

812	1228	1425	DFW
162	1529	1750	ORD
117	2130	0156	SEA
Duration 1328

956	1353	1617	ORD
153	1943	0029	SFO
62	0135	0332	SEA
Duration 1339

956	1353	1617	ORD
907	1802	2245	SFO
62	0135	0332	SEA
Duration 1339

18	1207	1528	BWI
473	1654	1901	ORD
117	2130	0156	SEA
Duration 1349

59	0800	1050	SFO
817	1430	1555	LAX
6968	1920	2157	SEA
Duration 1357

532	0800	1021	ORD
945	1300	1730	LAX
6968	1920	2157	SEA
Duration 1357

532	0800	1021	ORD
609	1258	1752	SFO
573	1952	2203	SEA
Duration 1403

59	0800	1050	SFO
972	1253	1659	ORD
371	1819	2235	SEA
Duration 1435

59	0800	1050	SFO
134	1158	1605	ORD
371	1819	2235	SEA
Duration 1435

581	1048	1401	IAD
219	1505	2113	SFO
479	2320	0128	SEA
Duration 1440

910	1041	1305	ORD
973	1605	2039	SFO
479	2320	0128	SEA
Duration 1447

752	1100	1412	BWI
473	1654	1901	ORD
117	2130	0156	SEA
Duration 1456

244	1234	1458	ORD
907	1802	2245	SFO
62	0135	0332	SEA
Duration 1458

902	1233	1552	IAD
975	1715	2322	SFO
62	0135	0332	SEA
Duration 1459

532	0800	1021	ORD
728	1410	1600	IAD
917	1715	2300	SEA
Duration 1500

532	0800	1021	ORD
360	1215	1357	IAD
917	1715	2300	SEA
Duration 1500

581	1048	1401	IAD
249	1720	1928	ORD
117	2130	0156	SEA
Duration 1508

5456	1029	1223	DFW
162	1529	1750	ORD
117	2130	0156	SEA
Duration 1527

988	1025	1252	LAX
116	1555	1955	ORD
117	2130	0156	SEA
Duration 1531

988	1025	1252	LAX
840	1503	1900	ORD
117	2130	0156	SEA
Duration 1531

988	1025	1252	LAX
942	1403	1800	ORD
117	2130	0156	SEA
Duration 1531

869	1020	1315	SFO
830	1428	1838	ORD
117	2130	0156	SEA
Duration 1536

869	1020	1315	SFO
760	1558	2003	ORD
117	2130	0156	SEA
Duration 1536

595	2122	0002	SFO
158	0138	0540	ORD
635	0910	1336	SEA
Duration 1614

595	2122	0002	SFO
152	0259	0705	ORD
635	0910	1336	SEA
Duration 1614

894	0936	1211	LAX
942	1403	1800	ORD
117	2130	0156	SEA
Duration 1620

894	0936	1211	LAX
116	1555	1955	ORD
117	2130	0156	SEA
Duration 1620

894	0936	1211	LAX
840	1503	1900	ORD
117	2130	0156	SEA
Duration 1620

595	2122	0002	SFO
198	0155	0657	IAD
201	0819	1403	SEA
Duration 1641

581	1048	1401	IAD
975	1715	2322	SFO
62	0135	0332	SEA
Duration 1644

581	1048	1401	IAD
915	1621	2222	SFO
62	0135	0332	SEA
Duration 1644

765	2051	2320	LAX
44	0139	0624	IAD
201	0819	1403	SEA
Duration 1712

595	2122	0002	SFO
152	0259	0705	ORD
331	1050	1517	SEA
Duration 1755

59	0800	1050	SFO
830	1428	1838	ORD
117	2130	0156	SEA
Duration 1756

59	0800	1050	SFO
906	1355	1805	ORD
117	2130	0156	SEA
Duration 1756

737	1937	2222	SFO
158	0138	0540	ORD
635	0910	1336	SEA
Duration 1759

737	1937	2222	SFO
198	0155	0657	IAD
201	0819	1403	SEA
Duration 1826

235	1935	2208	LAX
44	0139	0624	IAD
201	0819	1403	SEA
Duration 1828

988	1025	1252	LAX
126	1415	0609	ORD
635	0910	1336	SEA
Duration 2711

894	0936	1211	LAX
126	1415	0609	ORD
635	0910	1336	SEA
Duration 2800

