869	1020	1315	SFO
817	1430	1555	LAX
843	1717	2117	ORD
Duration 1057

59	0800	1050	SFO
565	1230	1355	LAX
840	1503	1900	ORD
Duration 1100

59	0800	1050	SFO
202	1201	1325	LAX
840	1503	1900	ORD
Duration 1100

581	1048	1401	IAD
7269	1645	1836	ATL
7560	1944	2158	ORD
Duration 1110

69	1227	1500	LAX
6654	1710	2009	DFW
7041	2130	2341	ORD
Duration 1114

789	1249	1640	BOS
861	1925	2104	IAD
363	2210	0016	ORD
Duration 1127

235	1935	2208	LAX
712	2341	0103	SFO
152	0259	0705	ORD
Duration 1130

812	1228	1425	DFW
588	1757	2054	IAD
363	2210	0016	ORD
Duration 1148

69	1227	1500	LAX
856	1605	2050	IAD
363	2210	0016	ORD
Duration 1149

69	1227	1500	LAX
806	1649	1818	SFO
150	2004	0019	ORD
Duration 1152

59	0800	1050	SFO
565	1230	1355	LAX
116	1555	1955	ORD
Duration 1155

59	0800	1050	SFO
858	1320	1453	LAX
116	1555	1955	ORD
Duration 1155

59	0800	1050	SFO
202	1201	1325	LAX
116	1555	1955	ORD
Duration 1155

85	1729	1955	LAX
841	2253	0015	SFO
158	0138	0540	ORD
Duration 1211

85	1729	1955	LAX
798	2138	2304	SFO
158	0138	0540	ORD
Duration 1211

59	0800	1050	SFO
838	1329	1655	DFW
7585	1802	2020	ORD
Duration 1220

59	0800	1050	SFO
322	1330	1530	SEA
200	1635	2025	ORD
Duration 1225

415	1222	1515	SFO
844	1750	1911	LAX
124	2105	0057	ORD
Duration 1235

595	2122	0002	SFO
198	0155	0657	IAD
991	0801	1003	ORD
Duration 1241

581	1048	1401	IAD
7039	1646	2018	DFW
7041	2130	2341	ORD
Duration 1253

407	2059	2354	SEA
262	0216	0659	IAD
991	0801	1003	ORD
Duration 1304

6599	1800	2051	SEA
6848	2242	0047	SFO
152	0259	0705	ORD
Duration 1305

765	2051	2320	LAX
44	0139	0624	IAD
991	0801	1003	ORD
Duration 1312

781	1625	1849	LAX
164	2036	2158	SFO
158	0138	0540	ORD
Duration 1315

781	1625	1849	LAX
798	2138	2304	SFO
158	0138	0540	ORD
Duration 1315

59	0800	1050	SFO
817	1430	1555	LAX
843	1717	2117	ORD
Duration 1317

59	0800	1050	SFO
565	1230	1355	LAX
843	1717	2117	ORD
Duration 1317

59	0800	1050	SFO
202	1201	1325	LAX
843	1717	2117	ORD
Duration 1317

59	0800	1050	SFO
888	1351	1516	LAX
843	1717	2117	ORD
Duration 1317

59	0800	1050	SFO
858	1320	1453	LAX
843	1717	2117	ORD
Duration 1317

59	0800	1050	SFO
838	1329	1655	DFW
7589	1906	2125	ORD
Duration 1325

85	1729	1955	LAX
841	2253	0015	SFO
152	0259	0705	ORD
Duration 1336

85	1729	1955	LAX
712	2341	0103	SFO
152	0259	0705	ORD
Duration 1336

85	1729	1955	LAX
798	2138	2304	SFO
152	0259	0705	ORD
Duration 1336

875	1034	1329	SEA
260	1616	2104	IAD
363	2210	0016	ORD
Duration 1342

875	1034	1329	SEA
844	1443	1705	SFO
150	2004	0019	ORD
Duration 1345

988	1025	1252	LAX
31	1510	1943	IAD
363	2210	0016	ORD
Duration 1351

988	1025	1252	LAX
856	1605	2050	IAD
363	2210	0016	ORD
Duration 1351

988	1025	1252	LAX
808	1535	1705	SFO
150	2004	0019	ORD
Duration 1354

988	1025	1252	LAX
556	1436	1605	SFO
150	2004	0019	ORD
Duration 1354

988	1025	1252	LAX
806	1649	1818	SFO
150	2004	0019	ORD
Duration 1354

869	1020	1315	SFO
847	1558	2103	IAD
363	2210	0016	ORD
Duration 1356

869	1020	1315	SFO
540	1453	2003	IAD
363	2210	0016	ORD
Duration 1356

595	2122	0002	SFO
180	0140	0705	BOS
895	0855	1142	ORD
Duration 1420

737	1937	2222	SFO
198	0155	0657	IAD
991	0801	1003	ORD
Duration 1426

235	1935	2208	LAX
44	0139	0624	IAD
991	0801	1003	ORD
Duration 1428

5456	1029	1223	DFW
6712	1415	1743	LAX
124	2105	0057	ORD
Duration 1428

595	2122	0002	SFO
198	0155	0657	IAD
865	0949	1156	ORD
Duration 1434

869	1020	1315	SFO
111	1605	1730	LAX
124	2105	0057	ORD
Duration 1437

781	1625	1849	LAX
798	2138	2304	SFO
152	0259	0705	ORD
Duration 1440

894	0936	1211	LAX
31	1510	1943	IAD
363	2210	0016	ORD
Duration 1440

894	0936	1211	LAX
856	1605	2050	IAD
363	2210	0016	ORD
Duration 1440

894	0936	1211	LAX
556	1436	1605	SFO
150	2004	0019	ORD
Duration 1443

894	0936	1211	LAX
808	1535	1705	SFO
150	2004	0019	ORD
Duration 1443

765	2051	2320	LAX
166	0135	0702	BOS
895	0855	1142	ORD
Duration 1451

407	2059	2354	SEA
262	0216	0659	IAD
865	0949	1156	ORD
Duration 1457

765	2051	2320	LAX
44	0139	0624	IAD
865	0949	1156	ORD
Duration 1505

7584	1530	1724	DFW
6934	2040	0043	SFO
152	0259	0705	ORD
Duration 1535

737	1937	2222	SFO
180	0140	0705	BOS
895	0855	1142	ORD
Duration 1605

235	1935	2208	LAX
166	0135	0702	BOS
895	0855	1142	ORD
Duration 1607

59	0800	1050	SFO
100	1338	1847	IAD
363	2210	0016	ORD
Duration 1616

737	1937	2222	SFO
198	0155	0657	IAD
865	0949	1156	ORD
Duration 1619

595	2122	0002	SFO
180	0140	0705	BOS
7509	1055	1342	ORD
Duration 1620

235	1935	2208	LAX
44	0139	0624	IAD
865	0949	1156	ORD
Duration 1621

765	2051	2320	LAX
166	0135	0702	BOS
7509	1055	1342	ORD
Duration 1651

902	1233	1552	IAD
975	1715	2322	SFO
158	0138	0540	ORD
Duration 1707

902	1233	1552	IAD
917	1715	2300	SEA
754	0220	0616	ORD
Duration 1743

737	1937	2222	SFO
180	0140	0705	BOS
7509	1055	1342	ORD
Duration 1805

235	1935	2208	LAX
166	0135	0702	BOS
7509	1055	1342	ORD
Duration 1807

789	1249	1640	BOS
179	1749	0039	SFO
152	0259	0705	ORD
Duration 1816

902	1233	1552	IAD
975	1715	2322	SFO
152	0259	0705	ORD
Duration 1832

581	1048	1401	IAD
915	1621	2222	SFO
158	0138	0540	ORD
Duration 1852

581	1048	1401	IAD
975	1715	2322	SFO
158	0138	0540	ORD
Duration 1852

581	1048	1401	IAD
917	1715	2300	SEA
754	0220	0616	ORD
Duration 1928

581	1048	1401	IAD
975	1715	2322	SFO
152	0259	0705	ORD
Duration 2017

