910	1041	1305	ORD
728	1410	1600	IAD
Duration 0519

938	1752	2011	ORD
514	2207	2347	IAD
Duration 0555

532	0800	1021	ORD
360	1215	1357	IAD
Duration 0557

908	1455	1718	ORD
990	1908	2104	IAD
Duration 0609

244	1234	1458	ORD
176	1713	1900	IAD
Duration 0626

7565	1441	1726	ATL
7269	1918	2111	IAD
Duration 0630

956	1353	1617	ORD
990	1908	2104	IAD
Duration 0711

532	0800	1021	ORD
728	1410	1600	IAD
Duration 0800

940	1545	1812	ORD
514	2207	2347	IAD
Duration 0802

781	1625	1849	LAX
210	1953	0030	IAD
Duration 0805

789	1249	1640	BOS
861	1925	2104	IAD
Duration 0815

69	1227	1500	LAX
856	1605	2050	IAD
Duration 0823

812	1228	1425	DFW
588	1757	2054	IAD
Duration 0826

6604	1234	1527	ATL
7269	1918	2111	IAD
Duration 0837

733	1544	1824	SFO
220	1924	0030	IAD
Duration 0846

988	1025	1252	LAX
31	1510	1943	IAD
Duration 0918

765	2051	2320	LAX
44	0139	0624	IAD
Duration 0933

595	2122	0002	SFO
198	0155	0657	IAD
Duration 0935

869	1020	1315	SFO
540	1453	2003	IAD
Duration 0943

59	0800	1050	SFO
120	1248	1756	IAD
Duration 0956

407	2059	2354	SEA
262	0216	0659	IAD
Duration 1000

894	0936	1211	LAX
31	1510	1943	IAD
Duration 1007

721	1412	1706	SFO
220	1924	0030	IAD
Duration 1018

988	1025	1252	LAX
856	1605	2050	IAD
Duration 1025

875	1034	1329	SEA
260	1616	2104	IAD
Duration 1030

869	1020	1315	SFO
847	1558	2103	IAD
Duration 1043

227	1346	1619	LAX
210	1953	0030	IAD
Duration 1044

59	0800	1050	SFO
100	1338	1847	IAD
Duration 1047

235	1935	2208	LAX
44	0139	0624	IAD
Duration 1049

894	0936	1211	LAX
856	1605	2050	IAD
Duration 1114

737	1937	2222	SFO
198	0155	0657	IAD
Duration 1120

