595	2122	0002	SFO
62	0135	0332	SEA
Duration 0610

733	1544	1824	SFO
573	1952	2203	SEA
Duration 0619

59	0800	1050	SFO
322	1330	1530	SEA
Duration 0730

908	1455	1718	ORD
371	1819	2235	SEA
Duration 0740

721	1412	1706	SFO
573	1952	2203	SEA
Duration 0751

737	1937	2222	SFO
62	0135	0332	SEA
Duration 0755

869	1020	1315	SFO
820	1604	1816	SEA
Duration 0756

938	1752	2011	ORD
117	2130	0156	SEA
Duration 0804

988	1025	1252	LAX
6904	1550	1833	SEA
Duration 0808

227	1346	1619	LAX
6968	1920	2157	SEA
Duration 0811

244	1234	1458	ORD
929	1625	2045	SEA
Duration 0811

735	1714	1955	SFO
479	2320	0128	SEA
Duration 0814

956	1353	1617	ORD
371	1819	2235	SEA
Duration 0842

894	0936	1211	LAX
6904	1550	1833	SEA
Duration 0857

244	1234	1458	ORD
371	1819	2235	SEA
Duration 1001

910	1041	1305	ORD
929	1625	2045	SEA
Duration 1004

940	1545	1812	ORD
117	2130	0156	SEA
Duration 1011

902	1233	1552	IAD
917	1715	2300	SEA
Duration 1027

581	1048	1401	IAD
917	1715	2300	SEA
Duration 1212

