235	1935	2208	LAX
712	2341	0103	SFO
Duration 0528

781	1625	1849	LAX
164	2036	2158	SFO
Duration 0533

85	1729	1955	LAX
798	2138	2304	SFO
Duration 0535

894	0936	1211	LAX
239	1345	1515	SFO
Duration 0539

988	1025	1252	LAX
556	1436	1605	SFO
Duration 0540

69	1227	1500	LAX
806	1649	1818	SFO
Duration 0551

765	2051	2320	LAX
263	0130	0252	SFO
Duration 0601

227	1346	1619	LAX
320	1840	2000	SFO
Duration 0614

894	0936	1211	LAX
556	1436	1605	SFO
Duration 0629

875	1034	1329	SEA
844	1443	1705	SFO
Duration 0631

781	1625	1849	LAX
798	2138	2304	SFO
Duration 0639

988	1025	1252	LAX
808	1535	1705	SFO
Duration 0640

85	1729	1955	LAX
841	2253	0015	SFO
Duration 0646

6599	1800	2051	SEA
6848	2242	0047	SFO
Duration 0647

227	1346	1619	LAX
926	1924	2049	SFO
Duration 0703

235	1935	2208	LAX
263	0130	0252	SFO
Duration 0717

894	0936	1211	LAX
808	1535	1705	SFO
Duration 0729

69	1227	1500	LAX
320	1840	2000	SFO
Duration 0733

339	1339	1634	SEA
140	1908	2113	SFO
Duration 0734

85	1729	1955	LAX
712	2341	0103	SFO
Duration 0734

988	1025	1252	LAX
806	1649	1818	SFO
Duration 0753

244	1234	1458	ORD
973	1605	2039	SFO
Duration 0805

938	1752	2011	ORD
155	2121	0205	SFO
Duration 0813

940	1545	1812	ORD
153	1943	0029	SFO
Duration 0844

956	1353	1617	ORD
907	1802	2245	SFO
Duration 0852

7584	1530	1724	DFW
6934	2040	0043	SFO
Duration 0913

908	1455	1718	ORD
153	1943	0029	SFO
Duration 0934

532	0800	1021	ORD
609	1258	1752	SFO
Duration 0952

910	1041	1305	ORD
973	1605	2039	SFO
Duration 0958

244	1234	1458	ORD
907	1802	2245	SFO
Duration 1011

940	1545	1812	ORD
155	2121	0205	SFO
Duration 1020

581	1048	1401	IAD
219	1505	2113	SFO
Duration 1025

956	1353	1617	ORD
153	1943	0029	SFO
Duration 1036

902	1233	1552	IAD
975	1715	2322	SFO
Duration 1049

581	1048	1401	IAD
915	1621	2222	SFO
Duration 1134

789	1249	1640	BOS
179	1749	0039	SFO
Duration 1150

581	1048	1401	IAD
975	1715	2322	SFO
Duration 1234

