910	1041	1305	ORD
728	1410	1600	IAD
7114	1700	1836	JFK
Duration 0755

532	0800	1021	ORD
360	1215	1357	IAD
7114	1700	1836	JFK
Duration 1036

532	0800	1021	ORD
728	1410	1600	IAD
7114	1700	1836	JFK
Duration 1036

244	1234	1458	ORD
176	1713	1900	IAD
7115	2203	2318	JFK
Duration 1044

812	1228	1425	DFW
588	1757	2054	IAD
7115	2203	2318	JFK
Duration 1050

69	1227	1500	LAX
856	1605	2050	IAD
7115	2203	2318	JFK
Duration 1051

595	2122	0002	SFO
198	0155	0657	IAD
7111	0814	0930	JFK
Duration 1208

869	1020	1315	SFO
817	1430	1555	LAX
26	1705	2229	JFK
Duration 1209

59	0800	1050	SFO
202	1201	1325	LAX
890	1500	2019	JFK
Duration 1219

59	0800	1050	SFO
565	1230	1355	LAX
890	1500	2019	JFK
Duration 1219

407	2059	2354	SEA
262	0216	0659	IAD
7111	0814	0930	JFK
Duration 1231

69	1227	1500	LAX
806	1649	1818	SFO
14	1929	0059	JFK
Duration 1232

765	2051	2320	LAX
44	0139	0624	IAD
7111	0814	0930	JFK
Duration 1239

988	1025	1252	LAX
856	1605	2050	IAD
7115	2203	2318	JFK
Duration 1253

988	1025	1252	LAX
31	1510	1943	IAD
7115	2203	2318	JFK
Duration 1253

869	1020	1315	SFO
847	1558	2103	IAD
7115	2203	2318	JFK
Duration 1258

869	1020	1315	SFO
540	1453	2003	IAD
7115	2203	2318	JFK
Duration 1258

894	0936	1211	LAX
239	1345	1515	SFO
12	1655	2240	JFK
Duration 1304

6599	1800	2051	SEA
6599	2152	0024	LAX
82	0155	0713	JFK
Duration 1313

252	1754	1949	DFW
6811	2053	0026	LAX
82	0155	0713	JFK
Duration 1319

85	1729	1955	LAX
841	2253	0015	SFO
34	0135	0705	JFK
Duration 1336

85	1729	1955	LAX
798	2138	2304	SFO
34	0135	0705	JFK
Duration 1336

894	0936	1211	LAX
31	1510	1943	IAD
7115	2203	2318	JFK
Duration 1342

894	0936	1211	LAX
856	1605	2050	IAD
7115	2203	2318	JFK
Duration 1342

737	1937	2222	SFO
198	0155	0657	IAD
7111	0814	0930	JFK
Duration 1353

235	1935	2208	LAX
44	0139	0624	IAD
7111	0814	0930	JFK
Duration 1355

735	1714	1955	SFO
931	2210	2332	LAX
82	0155	0713	JFK
Duration 1359

735	1714	1955	SFO
145	2058	2220	LAX
82	0155	0713	JFK
Duration 1359

5456	1029	1223	DFW
6712	1415	1743	LAX
28	1927	0044	JFK
Duration 1415

869	1020	1315	SFO
817	1430	1555	LAX
28	1927	0044	JFK
Duration 1424

869	1020	1315	SFO
867	1509	1634	LAX
28	1927	0044	JFK
Duration 1424

869	1020	1315	SFO
111	1605	1730	LAX
28	1927	0044	JFK
Duration 1424

875	1034	1329	SEA
844	1443	1705	SFO
14	1929	0059	JFK
Duration 1425

59	0800	1050	SFO
817	1430	1555	LAX
26	1705	2229	JFK
Duration 1429

59	0800	1050	SFO
888	1351	1516	LAX
26	1705	2229	JFK
Duration 1429

59	0800	1050	SFO
202	1201	1325	LAX
26	1705	2229	JFK
Duration 1429

59	0800	1050	SFO
858	1320	1453	LAX
26	1705	2229	JFK
Duration 1429

59	0800	1050	SFO
565	1230	1355	LAX
26	1705	2229	JFK
Duration 1429

988	1025	1252	LAX
556	1436	1605	SFO
14	1929	0059	JFK
Duration 1434

988	1025	1252	LAX
808	1535	1705	SFO
14	1929	0059	JFK
Duration 1434

988	1025	1252	LAX
806	1649	1818	SFO
14	1929	0059	JFK
Duration 1434

781	1625	1849	LAX
798	2138	2304	SFO
34	0135	0705	JFK
Duration 1440

781	1625	1849	LAX
164	2036	2158	SFO
34	0135	0705	JFK
Duration 1440

59	0800	1050	SFO
100	1338	1847	IAD
7115	2203	2318	JFK
Duration 1518

940	1545	1812	ORD
153	1943	0029	SFO
34	0135	0705	JFK
Duration 1520

894	0936	1211	LAX
808	1535	1705	SFO
14	1929	0059	JFK
Duration 1523

894	0936	1211	LAX
556	1436	1605	SFO
14	1929	0059	JFK
Duration 1523

940	1545	1812	ORD
839	1943	0014	LAX
82	0155	0713	JFK
Duration 1528

733	1544	1824	SFO
931	2210	2332	LAX
82	0155	0713	JFK
Duration 1529

733	1544	1824	SFO
145	2058	2220	LAX
82	0155	0713	JFK
Duration 1529

7584	1530	1724	DFW
6811	2053	0026	LAX
82	0155	0713	JFK
Duration 1543

908	1455	1718	ORD
153	1943	0029	SFO
34	0135	0705	JFK
Duration 1610

908	1455	1718	ORD
839	1943	0014	LAX
82	0155	0713	JFK
Duration 1618

908	1455	1718	ORD
943	1819	2255	LAX
82	0155	0713	JFK
Duration 1618

532	0800	1021	ORD
945	1300	1730	LAX
28	1927	0044	JFK
Duration 1644

59	0800	1050	SFO
817	1430	1555	LAX
28	1927	0044	JFK
Duration 1644

532	0800	1021	ORD
609	1258	1752	SFO
14	1929	0059	JFK
Duration 1659

721	1412	1706	SFO
145	2058	2220	LAX
82	0155	0713	JFK
Duration 1701

956	1353	1617	ORD
153	1943	0029	SFO
34	0135	0705	JFK
Duration 1712

956	1353	1617	ORD
907	1802	2245	SFO
34	0135	0705	JFK
Duration 1712

956	1353	1617	ORD
943	1819	2255	LAX
82	0155	0713	JFK
Duration 1720

956	1353	1617	ORD
839	1943	0014	LAX
82	0155	0713	JFK
Duration 1720

936	1345	1701	IAD
137	1855	0035	LAX
82	0155	0713	JFK
Duration 1728

789	1249	1640	BOS
167	1758	0035	LAX
82	0155	0713	JFK
Duration 1824

244	1234	1458	ORD
907	1802	2245	SFO
34	0135	0705	JFK
Duration 1831

902	1233	1552	IAD
975	1715	2322	SFO
34	0135	0705	JFK
Duration 1832

244	1234	1458	ORD
943	1819	2255	LAX
82	0155	0713	JFK
Duration 1839

902	1233	1552	IAD
951	1740	2311	LAX
82	0155	0713	JFK
Duration 1840

902	1233	1552	IAD
137	1855	0035	LAX
82	0155	0713	JFK
Duration 1840

18	1207	1528	BWI
307	1634	2238	LAX
82	0155	0713	JFK
Duration 1906

752	1100	1412	BWI
307	1634	2238	LAX
82	0155	0713	JFK
Duration 2013

581	1048	1401	IAD
915	1621	2222	SFO
34	0135	0705	JFK
Duration 2017

581	1048	1401	IAD
975	1715	2322	SFO
34	0135	0705	JFK
Duration 2017

581	1048	1401	IAD
951	1740	2311	LAX
82	0155	0713	JFK
Duration 2025

581	1048	1401	IAD
967	1630	2210	LAX
82	0155	0713	JFK
Duration 2025

