6599	1800	2051	SEA
6599	2152	0024	LAX
263	0130	0252	SFO
Duration 0852

252	1754	1949	DFW
6811	2053	0026	LAX
263	0130	0252	SFO
Duration 0858

5456	1029	1223	DFW
6712	1415	1743	LAX
926	1924	2049	SFO
Duration 1020

339	1339	1634	SEA
6527	1908	2140	LAX
841	2253	0015	SFO
Duration 1036

940	1545	1812	ORD
839	1943	0014	LAX
263	0130	0252	SFO
Duration 1107

910	1041	1305	ORD
107	1405	1828	LAX
164	2036	2158	SFO
Duration 1117

7584	1530	1724	DFW
6811	2053	0026	LAX
263	0130	0252	SFO
Duration 1122

339	1339	1634	SEA
6527	1908	2140	LAX
712	2341	0103	SFO
Duration 1124

5456	1029	1223	DFW
6712	1415	1743	LAX
164	2036	2158	SFO
Duration 1129

244	1234	1458	ORD
123	1623	2045	LAX
841	2253	0015	SFO
Duration 1141

908	1455	1718	ORD
943	1819	2255	LAX
263	0130	0252	SFO
Duration 1157

908	1455	1718	ORD
839	1943	0014	LAX
263	0130	0252	SFO
Duration 1157

532	0800	1021	ORD
945	1300	1730	LAX
320	1840	2000	SFO
Duration 1200

812	1228	1425	DFW
162	1529	1750	ORD
153	1943	0029	SFO
Duration 1201

244	1234	1458	ORD
929	1625	2045	SEA
6848	2242	0047	SFO
Duration 1213

5456	1029	1223	DFW
7539	1357	1615	ORD
907	1802	2245	SFO
Duration 1216

910	1041	1305	ORD
107	1405	1828	LAX
798	2138	2304	SFO
Duration 1223

244	1234	1458	ORD
123	1623	2045	LAX
712	2341	0103	SFO
Duration 1229

5456	1029	1223	DFW
6712	1415	1743	LAX
798	2138	2304	SFO
Duration 1235

910	1041	1305	ORD
728	1410	1600	IAD
975	1715	2322	SFO
Duration 1241

532	0800	1021	ORD
945	1300	1730	LAX
926	1924	2049	SFO
Duration 1249

18	1207	1528	BWI
307	1634	2238	LAX
712	2341	0103	SFO
Duration 1256

956	1353	1617	ORD
839	1943	0014	LAX
263	0130	0252	SFO
Duration 1259

956	1353	1617	ORD
943	1819	2255	LAX
263	0130	0252	SFO
Duration 1259

532	0800	1021	ORD
360	1215	1357	IAD
219	1505	2113	SFO
Duration 1313

339	1339	1634	SEA
6527	1908	2140	LAX
263	0130	0252	SFO
Duration 1313

581	1048	1401	IAD
209	1501	2045	LAX
841	2253	0015	SFO
Duration 1327

6604	1234	1527	ATL
7493	1657	1905	ORD
155	2121	0205	SFO
Duration 1331

902	1233	1552	IAD
249	1720	1928	ORD
155	2121	0205	SFO
Duration 1332

910	1041	1305	ORD
123	1623	2045	LAX
841	2253	0015	SFO
Duration 1334

812	1228	1425	DFW
7585	1802	2020	ORD
155	2121	0205	SFO
Duration 1337

812	1228	1425	DFW
162	1529	1750	ORD
155	2121	0205	SFO
Duration 1337

18	1207	1528	BWI
473	1654	1901	ORD
155	2121	0205	SFO
Duration 1358

910	1041	1305	ORD
896	1415	1638	BOS
179	1749	0039	SFO
Duration 1358

532	0800	1021	ORD
107	1405	1828	LAX
164	2036	2158	SFO
Duration 1358

532	0800	1021	ORD
945	1300	1730	LAX
164	2036	2158	SFO
Duration 1358

5456	1029	1223	DFW
7539	1357	1615	ORD
153	1943	0029	SFO
Duration 1400

5456	1029	1223	DFW
162	1529	1750	ORD
153	1943	0029	SFO
Duration 1400

752	1100	1412	BWI
307	1634	2238	LAX
712	2341	0103	SFO
Duration 1403

988	1025	1252	LAX
942	1403	1800	ORD
153	1943	0029	SFO
Duration 1404

910	1041	1305	ORD
929	1625	2045	SEA
6848	2242	0047	SFO
Duration 1406

581	1048	1401	IAD
967	1630	2210	LAX
712	2341	0103	SFO
Duration 1415

581	1048	1401	IAD
209	1501	2045	LAX
712	2341	0103	SFO
Duration 1415

244	1234	1458	ORD
943	1819	2255	LAX
263	0130	0252	SFO
Duration 1418

902	1233	1552	IAD
951	1740	2311	LAX
263	0130	0252	SFO
Duration 1419

532	0800	1021	ORD
360	1215	1357	IAD
915	1621	2222	SFO
Duration 1422

910	1041	1305	ORD
123	1623	2045	LAX
712	2341	0103	SFO
Duration 1422

18	1207	1528	BWI
307	1634	2238	LAX
263	0130	0252	SFO
Duration 1445

894	0936	1211	LAX
942	1403	1800	ORD
153	1943	0029	SFO
Duration 1453

532	0800	1021	ORD
107	1405	1828	LAX
798	2138	2304	SFO
Duration 1504

752	1100	1412	BWI
473	1654	1901	ORD
155	2121	0205	SFO
Duration 1505

581	1048	1401	IAD
249	1720	1928	ORD
155	2121	0205	SFO
Duration 1517

532	0800	1021	ORD
728	1410	1600	IAD
975	1715	2322	SFO
Duration 1522

532	0800	1021	ORD
360	1215	1357	IAD
975	1715	2322	SFO
Duration 1522

244	1234	1458	ORD
176	1713	1900	IAD
225	2159	0400	SFO
Duration 1526

812	1228	1425	DFW
588	1757	2054	IAD
225	2159	0400	SFO
Duration 1532

69	1227	1500	LAX
856	1605	2050	IAD
225	2159	0400	SFO
Duration 1533

5456	1029	1223	DFW
162	1529	1750	ORD
155	2121	0205	SFO
Duration 1536

988	1025	1252	LAX
942	1403	1800	ORD
155	2121	0205	SFO
Duration 1540

988	1025	1252	LAX
116	1555	1955	ORD
155	2121	0205	SFO
Duration 1540

988	1025	1252	LAX
840	1503	1900	ORD
155	2121	0205	SFO
Duration 1540

407	2059	2354	SEA
754	0220	0616	ORD
149	0805	1245	SFO
Duration 1546

752	1100	1412	BWI
307	1634	2238	LAX
263	0130	0252	SFO
Duration 1552

581	1048	1401	IAD
951	1740	2311	LAX
263	0130	0252	SFO
Duration 1604

581	1048	1401	IAD
967	1630	2210	LAX
263	0130	0252	SFO
Duration 1604

894	0936	1211	LAX
116	1555	1955	ORD
155	2121	0205	SFO
Duration 1629

894	0936	1211	LAX
942	1403	1800	ORD
155	2121	0205	SFO
Duration 1629

894	0936	1211	LAX
840	1503	1900	ORD
155	2121	0205	SFO
Duration 1629

532	0800	1021	ORD
896	1415	1638	BOS
179	1749	0039	SFO
Duration 1639

532	0800	1021	ORD
532	1201	1416	BOS
179	1749	0039	SFO
Duration 1639

407	2059	2354	SEA
754	0220	0616	ORD
761	0905	1350	SFO
Duration 1651

988	1025	1252	LAX
31	1510	1943	IAD
225	2159	0400	SFO
Duration 1735

988	1025	1252	LAX
856	1605	2050	IAD
225	2159	0400	SFO
Duration 1735

407	2059	2354	SEA
754	0220	0616	ORD
759	1001	1447	SFO
Duration 1748

407	2059	2354	SEA
262	0216	0659	IAD
846	0840	1458	SFO
Duration 1759

765	2051	2320	LAX
44	0139	0624	IAD
846	0840	1458	SFO
Duration 1807

765	2051	2320	LAX
166	0135	0702	BOS
537	0822	1510	SFO
Duration 1819

894	0936	1211	LAX
31	1510	1943	IAD
225	2159	0400	SFO
Duration 1824

894	0936	1211	LAX
856	1605	2050	IAD
225	2159	0400	SFO
Duration 1824

235	1935	2208	LAX
44	0139	0624	IAD
846	0840	1458	SFO
Duration 1923

235	1935	2208	LAX
166	0135	0702	BOS
537	0822	1510	SFO
Duration 1935

765	2051	2320	LAX
82	0155	0713	JFK
642	1109	1752	SFO
Duration 2101

765	2051	2320	LAX
166	0135	0702	BOS
77	1053	1752	SFO
Duration 2101

235	1935	2208	LAX
166	0135	0702	BOS
77	1053	1752	SFO
Duration 2217

235	1935	2208	LAX
82	0155	0713	JFK
642	1109	1752	SFO
Duration 2217

258	2343	0154	ORD
7589	0355	1825	DFW
6934	2040	0043	SFO
Duration 2500

988	1025	1252	LAX
126	1415	0609	ORD
149	0805	1245	SFO
Duration 2620

894	0936	1211	LAX
126	1415	0609	ORD
149	0805	1245	SFO
Duration 2709

988	1025	1252	LAX
126	1415	0609	ORD
761	0905	1350	SFO
Duration 2725

894	0936	1211	LAX
126	1415	0609	ORD
761	0905	1350	SFO
Duration 2814

988	1025	1252	LAX
126	1415	0609	ORD
759	1001	1447	SFO
Duration 2822

894	0936	1211	LAX
126	1415	0609	ORD
759	1001	1447	SFO
Duration 2911

