7505	1035	1253	ORD
728	1410	1600	IAD
Duration 0525

162	1529	1750	ORD
990	1908	2104	IAD
Duration 0535

7585	1802	2020	ORD
514	2207	2347	IAD
Duration 0545

6537	0730	0948	ORD
360	1215	1357	IAD
Duration 0627

723	1637	1848	DEN
317	2001	2316	IAD
Duration 0639

315	0907	1114	DEN
902	1233	1552	IAD
Duration 0645

33	0700	0906	DEN
581	1048	1401	IAD
Duration 0701

7539	1357	1615	ORD
990	1908	2104	IAD
Duration 0707

315	0907	1114	DEN
936	1345	1701	IAD
Duration 0754

6456	1259	1504	DEN
976	1752	2104	IAD
Duration 0805

723	1637	1848	DEN
70	2131	0045	IAD
Duration 0808

315	0907	1114	DEN
316	1438	1756	IAD
Duration 0849

33	0700	0906	DEN
902	1233	1552	IAD
Duration 0852

6811	2053	0026	LAX
44	0139	0624	IAD
Duration 0931

6712	1415	1743	LAX
210	1953	0030	IAD
Duration 1015

6934	2040	0043	SFO
198	0155	0657	IAD
Duration 1017

837	0820	1220	SFO
100	1338	1847	IAD
Duration 1027

837	0820	1220	SFO
540	1453	2003	IAD
Duration 1143

837	0820	1220	SFO
847	1558	2103	IAD
Duration 1243

