7505	1035	1253	ORD
728	1410	1600	IAD
7114	1700	1836	JFK
Duration 0801

315	0907	1114	DEN
902	1233	1552	IAD
7114	1700	1836	JFK
Duration 0929

6537	0730	0948	ORD
360	1215	1357	IAD
7114	1700	1836	JFK
Duration 1106

33	0700	0906	DEN
581	1048	1401	IAD
7114	1700	1836	JFK
Duration 1136

33	0700	0906	DEN
902	1233	1552	IAD
7114	1700	1836	JFK
Duration 1136

6811	2053	0026	LAX
44	0139	0624	IAD
7111	0814	0930	JFK
Duration 1237

6934	2040	0043	SFO
198	0155	0657	IAD
7111	0814	0930	JFK
Duration 1250

33	0700	0906	DEN
988	1025	1252	LAX
890	1500	2019	JFK
Duration 1319

315	0907	1114	DEN
69	1227	1500	LAX
26	1705	2229	JFK
Duration 1322

315	0907	1114	DEN
415	1222	1515	SFO
12	1655	2240	JFK
Duration 1333

837	0820	1220	SFO
817	1430	1555	LAX
26	1705	2229	JFK
Duration 1409

837	0820	1220	SFO
888	1351	1516	LAX
26	1705	2229	JFK
Duration 1409

837	0820	1220	SFO
858	1320	1453	LAX
26	1705	2229	JFK
Duration 1409

723	1637	1848	DEN
595	2122	0002	SFO
34	0135	0705	JFK
Duration 1428

33	0700	0906	DEN
869	1020	1315	SFO
870	1605	2135	JFK
Duration 1435

723	1637	1848	DEN
765	2051	2320	LAX
82	0155	0713	JFK
Duration 1436

837	0820	1220	SFO
100	1338	1847	IAD
7115	2203	2318	JFK
Duration 1458

837	0820	1220	SFO
540	1453	2003	IAD
7115	2203	2318	JFK
Duration 1458

837	0820	1220	SFO
847	1558	2103	IAD
7115	2203	2318	JFK
Duration 1458

6537	0730	0948	ORD
531	1116	1544	LAX
26	1705	2229	JFK
Duration 1459

6537	0730	0948	ORD
40	1102	1549	SFO
12	1655	2240	JFK
Duration 1510

33	0700	0906	DEN
69	1227	1500	LAX
26	1705	2229	JFK
Duration 1529

162	1529	1750	ORD
153	1943	0029	SFO
34	0135	0705	JFK
Duration 1536

315	0907	1114	DEN
227	1346	1619	LAX
28	1927	0044	JFK
Duration 1537

33	0700	0906	DEN
415	1222	1515	SFO
12	1655	2240	JFK
Duration 1540

33	0700	0906	DEN
869	1020	1315	SFO
12	1655	2240	JFK
Duration 1540

162	1529	1750	ORD
839	1943	0014	LAX
82	0155	0713	JFK
Duration 1544

315	0907	1114	DEN
721	1412	1706	SFO
14	1929	0059	JFK
Duration 1552

837	0820	1220	SFO
867	1509	1634	LAX
28	1927	0044	JFK
Duration 1624

837	0820	1220	SFO
817	1430	1555	LAX
28	1927	0044	JFK
Duration 1624

837	0820	1220	SFO
111	1605	1730	LAX
28	1927	0044	JFK
Duration 1624

6712	1415	1743	LAX
164	2036	2158	SFO
34	0135	0705	JFK
Duration 1650

6712	1415	1743	LAX
798	2138	2304	SFO
34	0135	0705	JFK
Duration 1650

7539	1357	1615	ORD
153	1943	0029	SFO
34	0135	0705	JFK
Duration 1708

7539	1357	1615	ORD
907	1802	2245	SFO
34	0135	0705	JFK
Duration 1708

6537	0730	0948	ORD
945	1300	1730	LAX
28	1927	0044	JFK
Duration 1714

6537	0730	0948	ORD
531	1116	1544	LAX
28	1927	0044	JFK
Duration 1714

7539	1357	1615	ORD
839	1943	0014	LAX
82	0155	0713	JFK
Duration 1716

7539	1357	1615	ORD
943	1819	2255	LAX
82	0155	0713	JFK
Duration 1716

6537	0730	0948	ORD
40	1102	1549	SFO
14	1929	0059	JFK
Duration 1729

6537	0730	0948	ORD
609	1258	1752	SFO
14	1929	0059	JFK
Duration 1729

370	1236	1533	IAD
975	1715	2322	SFO
34	0135	0705	JFK
Duration 1829

370	1236	1533	IAD
137	1855	0035	LAX
82	0155	0713	JFK
Duration 1837

370	1236	1533	IAD
951	1740	2311	LAX
82	0155	0713	JFK
Duration 1837

