735	1714	1955	SFO
145	2058	2220	LAX
Duration 0506

59	0800	1050	SFO
202	1201	1325	LAX
Duration 0525

595	2122	0002	SFO
346	0138	0255	LAX
Duration 0533

869	1020	1315	SFO
817	1430	1555	LAX
Duration 0535

59	0800	1050	SFO
565	1230	1355	LAX
Duration 0555

721	1412	1706	SFO
119	1859	2020	LAX
Duration 0608

869	1020	1315	SFO
867	1509	1634	LAX
Duration 0614

735	1714	1955	SFO
931	2210	2332	LAX
Duration 0618

6599	1800	2051	SEA
6599	2152	0024	LAX
Duration 0624

252	1754	1949	DFW
6811	2053	0026	LAX
Duration 0632

733	1544	1824	SFO
145	2058	2220	LAX
Duration 0636

415	1222	1515	SFO
844	1750	1911	LAX
Duration 0649

59	0800	1050	SFO
858	1320	1453	LAX
Duration 0653

869	1020	1315	SFO
111	1605	1730	LAX
Duration 0710

5456	1029	1223	DFW
6712	1415	1743	LAX
Duration 0714

59	0800	1050	SFO
888	1351	1516	LAX
Duration 0716

737	1937	2222	SFO
346	0138	0255	LAX
Duration 0718

910	1041	1305	ORD
107	1405	1828	LAX
Duration 0747

733	1544	1824	SFO
931	2210	2332	LAX
Duration 0748

59	0800	1050	SFO
817	1430	1555	LAX
Duration 0755

415	1222	1515	SFO
119	1859	2020	LAX
Duration 0758

908	1455	1718	ORD
943	1819	2255	LAX
Duration 0800

339	1339	1634	SEA
6527	1908	2140	LAX
Duration 0801

938	1752	2011	ORD
129	2127	0200	LAX
Duration 0808

721	1412	1706	SFO
145	2058	2220	LAX
Duration 0808

244	1234	1458	ORD
123	1623	2045	LAX
Duration 0811

940	1545	1812	ORD
839	1943	0014	LAX
Duration 0829

7584	1530	1724	DFW
6811	2053	0026	LAX
Duration 0856

956	1353	1617	ORD
943	1819	2255	LAX
Duration 0902

908	1455	1718	ORD
839	1943	0014	LAX
Duration 0919

532	0800	1021	ORD
945	1300	1730	LAX
Duration 0930

581	1048	1401	IAD
209	1501	2045	LAX
Duration 0957

910	1041	1305	ORD
123	1623	2045	LAX
Duration 1004

940	1545	1812	ORD
129	2127	0200	LAX
Duration 1015

956	1353	1617	ORD
839	1943	0014	LAX
Duration 1021

244	1234	1458	ORD
943	1819	2255	LAX
Duration 1021

532	0800	1021	ORD
107	1405	1828	LAX
Duration 1028

18	1207	1528	BWI
307	1634	2238	LAX
Duration 1031

902	1233	1552	IAD
951	1740	2311	LAX
Duration 1038

936	1345	1701	IAD
137	1855	0035	LAX
Duration 1050

581	1048	1401	IAD
967	1630	2210	LAX
Duration 1122

752	1100	1412	BWI
307	1634	2238	LAX
Duration 1138

789	1249	1640	BOS
167	1758	0035	LAX
Duration 1146

902	1233	1552	IAD
137	1855	0035	LAX
Duration 1202

581	1048	1401	IAD
951	1740	2311	LAX
Duration 1223

