723	1637	1848	DEN
595	2122	0002	SFO
62	0135	0332	SEA
Duration 1055

6712	1415	1743	LAX
926	1924	2049	SFO
479	2320	0128	SEA
Duration 1113

6712	1415	1743	LAX
164	2036	2158	SFO
479	2320	0128	SEA
Duration 1113

162	1529	1750	ORD
253	1942	2217	DEN
509	2342	0242	SEA
Duration 1113

33	0700	0906	DEN
869	1020	1315	SFO
820	1604	1816	SEA
Duration 1116

33	0700	0906	DEN
988	1025	1252	LAX
6904	1550	1833	SEA
Duration 1133

315	0907	1114	DEN
244	1234	1458	ORD
929	1625	2045	SEA
Duration 1138

162	1529	1750	ORD
153	1943	0029	SFO
62	0135	0332	SEA
Duration 1203

7505	1035	1253	ORD
728	1410	1600	IAD
917	1715	2300	SEA
Duration 1225

6712	1415	1743	LAX
948	1915	2133	DEN
509	2342	0242	SEA
Duration 1227

6456	1259	1504	DEN
735	1714	1955	SFO
479	2320	0128	SEA
Duration 1229

837	0820	1220	SFO
862	1411	1644	DEN
6599	1800	2051	SEA
Duration 1231

7539	1357	1615	ORD
941	1800	2041	DEN
509	2342	0242	SEA
Duration 1245

7539	1357	1615	ORD
253	1942	2217	DEN
509	2342	0242	SEA
Duration 1245

315	0907	1114	DEN
227	1346	1619	LAX
6968	1920	2157	SEA
Duration 1250

315	0907	1114	DEN
721	1412	1706	SFO
573	1952	2203	SEA
Duration 1256

6456	1259	1504	DEN
938	1752	2011	ORD
117	2130	0156	SEA
Duration 1257

6712	1415	1743	LAX
164	2036	2158	SFO
62	0135	0332	SEA
Duration 1317

6712	1415	1743	LAX
798	2138	2304	SFO
62	0135	0332	SEA
Duration 1317

7505	1035	1253	ORD
909	1605	1850	DEN
407	2059	2354	SEA
Duration 1319

370	1236	1533	IAD
249	1720	1928	ORD
117	2130	0156	SEA
Duration 1320

6537	0730	0948	ORD
88	1316	1552	DEN
6599	1800	2051	SEA
Duration 1321

6537	0730	0948	ORD
279	1204	1444	DEN
6599	1800	2051	SEA
Duration 1321

315	0907	1114	DEN
908	1455	1718	ORD
371	1819	2235	SEA
Duration 1328

315	0907	1114	DEN
244	1234	1458	ORD
371	1819	2235	SEA
Duration 1328

315	0907	1114	DEN
956	1353	1617	ORD
371	1819	2235	SEA
Duration 1328

7539	1357	1615	ORD
153	1943	0029	SFO
62	0135	0332	SEA
Duration 1335

7539	1357	1615	ORD
907	1802	2245	SFO
62	0135	0332	SEA
Duration 1335

837	0820	1220	SFO
111	1605	1730	LAX
6968	1920	2157	SEA
Duration 1337

837	0820	1220	SFO
817	1430	1555	LAX
6968	1920	2157	SEA
Duration 1337

837	0820	1220	SFO
867	1509	1634	LAX
6968	1920	2157	SEA
Duration 1337

33	0700	0906	DEN
244	1234	1458	ORD
929	1625	2045	SEA
Duration 1345

33	0700	0906	DEN
910	1041	1305	ORD
929	1625	2045	SEA
Duration 1345

315	0907	1114	DEN
902	1233	1552	IAD
917	1715	2300	SEA
Duration 1353

370	1236	1533	IAD
937	1729	2130	DEN
509	2342	0242	SEA
Duration 1406

6537	0730	0948	ORD
945	1300	1730	LAX
6968	1920	2157	SEA
Duration 1427

6537	0730	0948	ORD
531	1116	1544	LAX
6968	1920	2157	SEA
Duration 1427

6537	0730	0948	ORD
609	1258	1752	SFO
573	1952	2203	SEA
Duration 1433

7505	1035	1253	ORD
973	1605	2039	SFO
479	2320	0128	SEA
Duration 1453

370	1236	1533	IAD
975	1715	2322	SFO
62	0135	0332	SEA
Duration 1456

6537	0730	0948	ORD
360	1215	1357	IAD
917	1715	2300	SEA
Duration 1530

837	0820	1220	SFO
753	1605	1836	DEN
407	2059	2354	SEA
Duration 1534

33	0700	0906	DEN
244	1234	1458	ORD
371	1819	2235	SEA
Duration 1535

33	0700	0906	DEN
581	1048	1401	IAD
917	1715	2300	SEA
Duration 1600

33	0700	0906	DEN
902	1233	1552	IAD
917	1715	2300	SEA
Duration 1600

6934	2040	0043	SFO
152	0259	0705	ORD
635	0910	1336	SEA
Duration 1656

6811	2053	0026	LAX
44	0139	0624	IAD
201	0819	1403	SEA
Duration 1710

6934	2040	0043	SFO
198	0155	0657	IAD
201	0819	1403	SEA
Duration 1723

837	0820	1220	SFO
760	1558	2003	ORD
117	2130	0156	SEA
Duration 1736

837	0820	1220	SFO
906	1355	1805	ORD
117	2130	0156	SEA
Duration 1736

837	0820	1220	SFO
830	1428	1838	ORD
117	2130	0156	SEA
Duration 1736

6934	2040	0043	SFO
152	0259	0705	ORD
331	1050	1517	SEA
Duration 1837

