875	1034	1329	SEA
844	1443	1705	SFO
844	1750	1911	LAX
Duration 0837

875	1034	1329	SEA
844	1443	1705	SFO
119	1859	2020	LAX
Duration 0946

244	1234	1458	ORD
973	1605	2039	SFO
931	2210	2332	LAX
Duration 1058

940	1545	1812	ORD
153	1943	0029	SFO
346	0138	0255	LAX
Duration 1110

812	1228	1425	DFW
162	1529	1750	ORD
839	1943	0014	LAX
Duration 1146

875	1034	1329	SEA
844	1443	1705	SFO
145	2058	2220	LAX
Duration 1146

244	1234	1458	ORD
929	1625	2045	SEA
6599	2152	0024	LAX
Duration 1150

908	1455	1718	ORD
153	1943	0029	SFO
346	0138	0255	LAX
Duration 1200

532	0800	1021	ORD
609	1258	1752	SFO
119	1859	2020	LAX
Duration 1220

5456	1029	1223	DFW
7539	1357	1615	ORD
943	1819	2255	LAX
Duration 1226

910	1041	1305	ORD
728	1410	1600	IAD
951	1740	2311	LAX
Duration 1230

532	0800	1021	ORD
360	1215	1357	IAD
209	1501	2045	LAX
Duration 1245

910	1041	1305	ORD
973	1605	2039	SFO
931	2210	2332	LAX
Duration 1251

956	1353	1617	ORD
153	1943	0029	SFO
346	0138	0255	LAX
Duration 1302

956	1353	1617	ORD
907	1802	2245	SFO
346	0138	0255	LAX
Duration 1302

6604	1234	1527	ATL
7493	1657	1905	ORD
129	2127	0200	LAX
Duration 1326

902	1233	1552	IAD
249	1720	1928	ORD
129	2127	0200	LAX
Duration 1327

812	1228	1425	DFW
162	1529	1750	ORD
129	2127	0200	LAX
Duration 1332

812	1228	1425	DFW
7585	1802	2020	ORD
129	2127	0200	LAX
Duration 1332

59	0800	1050	SFO
322	1330	1530	SEA
6527	1908	2140	LAX
Duration 1340

910	1041	1305	ORD
929	1625	2045	SEA
6599	2152	0024	LAX
Duration 1343

5456	1029	1223	DFW
7539	1357	1615	ORD
839	1943	0014	LAX
Duration 1345

5456	1029	1223	DFW
162	1529	1750	ORD
839	1943	0014	LAX
Duration 1345

18	1207	1528	BWI
473	1654	1901	ORD
129	2127	0200	LAX
Duration 1353

910	1041	1305	ORD
728	1410	1600	IAD
137	1855	0035	LAX
Duration 1354

910	1041	1305	ORD
896	1415	1638	BOS
167	1758	0035	LAX
Duration 1354

869	1020	1315	SFO
830	1428	1838	ORD
839	1943	0014	LAX
Duration 1354

869	1020	1315	SFO
820	1604	1816	SEA
6599	2152	0024	LAX
Duration 1404

532	0800	1021	ORD
360	1215	1357	IAD
967	1630	2210	LAX
Duration 1410

532	0800	1021	ORD
609	1258	1752	SFO
145	2058	2220	LAX
Duration 1420

244	1234	1458	ORD
907	1802	2245	SFO
346	0138	0255	LAX
Duration 1421

902	1233	1552	IAD
975	1715	2322	SFO
346	0138	0255	LAX
Duration 1422

902	1233	1552	IAD
7114	1700	1836	JFK
11	2025	0259	LAX
Duration 1426

532	0800	1021	ORD
6005	1210	1355	BWI
307	1634	2238	LAX
Duration 1438

59	0800	1050	SFO
134	1158	1605	ORD
943	1819	2255	LAX
Duration 1455

59	0800	1050	SFO
972	1253	1659	ORD
943	1819	2255	LAX
Duration 1455

752	1100	1412	BWI
473	1654	1901	ORD
129	2127	0200	LAX
Duration 1500

532	0800	1021	ORD
728	1410	1600	IAD
951	1740	2311	LAX
Duration 1511

532	0800	1021	ORD
360	1215	1357	IAD
951	1740	2311	LAX
Duration 1511

581	1048	1401	IAD
249	1720	1928	ORD
129	2127	0200	LAX
Duration 1512

875	1034	1329	SEA
200	1635	2025	ORD
129	2127	0200	LAX
Duration 1526

5456	1029	1223	DFW
162	1529	1750	ORD
129	2127	0200	LAX
Duration 1531

595	2122	0002	SFO
152	0259	0705	ORD
89	0828	1257	LAX
Duration 1535

595	2122	0002	SFO
158	0138	0540	ORD
89	0828	1257	LAX
Duration 1535

869	1020	1315	SFO
760	1558	2003	ORD
129	2127	0200	LAX
Duration 1540

869	1020	1315	SFO
830	1428	1838	ORD
129	2127	0200	LAX
Duration 1540

407	2059	2354	SEA
754	0220	0616	ORD
89	0828	1257	LAX
Duration 1558

581	1048	1401	IAD
975	1715	2322	SFO
346	0138	0255	LAX
Duration 1607

581	1048	1401	IAD
915	1621	2222	SFO
346	0138	0255	LAX
Duration 1607

581	1048	1401	IAD
7114	1700	1836	JFK
11	2025	0259	LAX
Duration 1611

59	0800	1050	SFO
906	1355	1805	ORD
839	1943	0014	LAX
Duration 1614

59	0800	1050	SFO
134	1158	1605	ORD
839	1943	0014	LAX
Duration 1614

59	0800	1050	SFO
972	1253	1659	ORD
839	1943	0014	LAX
Duration 1614

59	0800	1050	SFO
830	1428	1838	ORD
839	1943	0014	LAX
Duration 1614

59	0800	1050	SFO
838	1329	1655	DFW
6811	2053	0026	LAX
Duration 1626

532	0800	1021	ORD
728	1410	1600	IAD
137	1855	0035	LAX
Duration 1635

532	0800	1021	ORD
532	1201	1416	BOS
167	1758	0035	LAX
Duration 1635

532	0800	1021	ORD
896	1415	1638	BOS
167	1758	0035	LAX
Duration 1635

595	2122	0002	SFO
158	0138	0540	ORD
842	0932	1403	LAX
Duration 1641

595	2122	0002	SFO
152	0259	0705	ORD
842	0932	1403	LAX
Duration 1641

595	2122	0002	SFO
198	0155	0657	IAD
170	0819	1404	LAX
Duration 1642

407	2059	2354	SEA
754	0220	0616	ORD
842	0932	1403	LAX
Duration 1704

407	2059	2354	SEA
262	0216	0659	IAD
170	0819	1404	LAX
Duration 1705

737	1937	2222	SFO
158	0138	0540	ORD
89	0828	1257	LAX
Duration 1720

595	2122	0002	SFO
198	0155	0657	IAD
319	0900	1455	LAX
Duration 1733

595	2122	0002	SFO
34	0135	0705	JFK
23	0830	1505	LAX
Duration 1743

407	2059	2354	SEA
262	0216	0659	IAD
319	0900	1455	LAX
Duration 1756

59	0800	1050	SFO
906	1355	1805	ORD
129	2127	0200	LAX
Duration 1800

59	0800	1050	SFO
830	1428	1838	ORD
129	2127	0200	LAX
Duration 1800

737	1937	2222	SFO
158	0138	0540	ORD
842	0932	1403	LAX
Duration 1826

737	1937	2222	SFO
198	0155	0657	IAD
170	0819	1404	LAX
Duration 1827

59	0800	1050	SFO
8	1222	1800	JFK
11	2025	0259	LAX
Duration 1859

59	0800	1050	SFO
10	1337	1915	JFK
11	2025	0259	LAX
Duration 1859

737	1937	2222	SFO
198	0155	0657	IAD
319	0900	1455	LAX
Duration 1918

737	1937	2222	SFO
34	0135	0705	JFK
23	0830	1505	LAX
Duration 1928

258	2343	0154	ORD
7589	0355	1825	DFW
6811	2053	0026	LAX
Duration 2443

595	2122	0002	SFO
198	0155	0657	IAD
925	1005	0400	LAX
Duration 3038

407	2059	2354	SEA
262	0216	0659	IAD
925	1005	0400	LAX
Duration 3101

737	1937	2222	SFO
198	0155	0657	IAD
925	1005	0400	LAX
Duration 3223

