33	0700	0906	DEN
869	1020	1315	SFO
817	1430	1555	LAX
Duration 0855

6456	1259	1504	DEN
735	1714	1955	SFO
145	2058	2220	LAX
Duration 0921

33	0700	0906	DEN
869	1020	1315	SFO
867	1509	1634	LAX
Duration 0934

315	0907	1114	DEN
415	1222	1515	SFO
844	1750	1911	LAX
Duration 1004

723	1637	1848	DEN
595	2122	0002	SFO
346	0138	0255	LAX
Duration 1018

33	0700	0906	DEN
869	1020	1315	SFO
111	1605	1730	LAX
Duration 1030

6456	1259	1504	DEN
735	1714	1955	SFO
931	2210	2332	LAX
Duration 1033

162	1529	1750	ORD
253	1942	2217	DEN
815	2337	0210	LAX
Duration 1041

315	0907	1114	DEN
415	1222	1515	SFO
119	1859	2020	LAX
Duration 1113

315	0907	1114	DEN
721	1412	1706	SFO
119	1859	2020	LAX
Duration 1113

6537	0730	0948	ORD
279	1204	1444	DEN
781	1625	1849	LAX
Duration 1119

6456	1259	1504	DEN
6599	1800	2051	SEA
6599	2152	0024	LAX
Duration 1125

162	1529	1750	ORD
153	1943	0029	SFO
346	0138	0255	LAX
Duration 1126

33	0700	0906	DEN
910	1041	1305	ORD
107	1405	1828	LAX
Duration 1128

315	0907	1114	DEN
244	1234	1458	ORD
123	1623	2045	LAX
Duration 1138

6537	0730	0948	ORD
40	1102	1549	SFO
844	1750	1911	LAX
Duration 1141

33	0700	0906	DEN
415	1222	1515	SFO
844	1750	1911	LAX
Duration 1211

7539	1357	1615	ORD
253	1942	2217	DEN
815	2337	0210	LAX
Duration 1213

7539	1357	1615	ORD
941	1800	2041	DEN
815	2337	0210	LAX
Duration 1213

6537	0730	0948	ORD
88	1316	1552	DEN
85	1729	1955	LAX
Duration 1225

6537	0730	0948	ORD
279	1204	1444	DEN
85	1729	1955	LAX
Duration 1225

315	0907	1114	DEN
339	1339	1634	SEA
6527	1908	2140	LAX
Duration 1233

7505	1035	1253	ORD
728	1410	1600	IAD
951	1740	2311	LAX
Duration 1236

7505	1035	1253	ORD
909	1605	1850	DEN
765	2051	2320	LAX
Duration 1245

6537	0730	0948	ORD
40	1102	1549	SFO
119	1859	2020	LAX
Duration 1250

6537	0730	0948	ORD
609	1258	1752	SFO
119	1859	2020	LAX
Duration 1250

7505	1035	1253	ORD
973	1605	2039	SFO
931	2210	2332	LAX
Duration 1257

7539	1357	1615	ORD
907	1802	2245	SFO
346	0138	0255	LAX
Duration 1258

7539	1357	1615	ORD
153	1943	0029	SFO
346	0138	0255	LAX
Duration 1258

6456	1259	1504	DEN
938	1752	2011	ORD
129	2127	0200	LAX
Duration 1301

315	0907	1114	DEN
721	1412	1706	SFO
145	2058	2220	LAX
Duration 1313

6537	0730	0948	ORD
360	1215	1357	IAD
209	1501	2045	LAX
Duration 1315

33	0700	0906	DEN
415	1222	1515	SFO
119	1859	2020	LAX
Duration 1320

837	0820	1220	SFO
322	1330	1530	SEA
6527	1908	2140	LAX
Duration 1320

370	1236	1533	IAD
249	1720	1928	ORD
129	2127	0200	LAX
Duration 1324

370	1236	1533	IAD
937	1729	2130	DEN
815	2337	0210	LAX
Duration 1334

33	0700	0906	DEN
244	1234	1458	ORD
123	1623	2045	LAX
Duration 1345

33	0700	0906	DEN
581	1048	1401	IAD
209	1501	2045	LAX
Duration 1345

33	0700	0906	DEN
910	1041	1305	ORD
123	1623	2045	LAX
Duration 1345

837	0820	1220	SFO
862	1411	1644	DEN
235	1935	2208	LAX
Duration 1348

315	0907	1114	DEN
956	1353	1617	ORD
943	1819	2255	LAX
Duration 1348

315	0907	1114	DEN
244	1234	1458	ORD
943	1819	2255	LAX
Duration 1348

315	0907	1114	DEN
908	1455	1718	ORD
943	1819	2255	LAX
Duration 1348

7505	1035	1253	ORD
929	1625	2045	SEA
6599	2152	0024	LAX
Duration 1349

7505	1035	1253	ORD
896	1415	1638	BOS
167	1758	0035	LAX
Duration 1400

7505	1035	1253	ORD
728	1410	1600	IAD
137	1855	0035	LAX
Duration 1400

315	0907	1114	DEN
902	1233	1552	IAD
951	1740	2311	LAX
Duration 1404

6537	0730	0948	ORD
331	1050	1517	SEA
6527	1908	2140	LAX
Duration 1410

370	1236	1533	IAD
975	1715	2322	SFO
346	0138	0255	LAX
Duration 1419

370	1236	1533	IAD
7114	1700	1836	JFK
11	2025	0259	LAX
Duration 1423

6537	0730	0948	ORD
88	1316	1552	DEN
235	1935	2208	LAX
Duration 1438

6537	0730	0948	ORD
360	1215	1357	IAD
967	1630	2210	LAX
Duration 1440

6537	0730	0948	ORD
609	1258	1752	SFO
145	2058	2220	LAX
Duration 1450

837	0820	1220	SFO
753	1605	1836	DEN
765	2051	2320	LAX
Duration 1500

315	0907	1114	DEN
908	1455	1718	ORD
839	1943	0014	LAX
Duration 1507

315	0907	1114	DEN
956	1353	1617	ORD
839	1943	0014	LAX
Duration 1507

6537	0730	0948	ORD
6005	1210	1355	BWI
307	1634	2238	LAX
Duration 1508

33	0700	0906	DEN
581	1048	1401	IAD
967	1630	2210	LAX
Duration 1510

315	0907	1114	DEN
789	1249	1640	BOS
167	1758	0035	LAX
Duration 1528

315	0907	1114	DEN
936	1345	1701	IAD
137	1855	0035	LAX
Duration 1528

315	0907	1114	DEN
902	1233	1552	IAD
137	1855	0035	LAX
Duration 1528

33	0700	0906	DEN
18	1207	1528	BWI
307	1634	2238	LAX
Duration 1538

33	0700	0906	DEN
752	1100	1412	BWI
307	1634	2238	LAX
Duration 1538

6537	0730	0948	ORD
360	1215	1357	IAD
951	1740	2311	LAX
Duration 1541

837	0820	1220	SFO
830	1428	1838	ORD
839	1943	0014	LAX
Duration 1554

837	0820	1220	SFO
906	1355	1805	ORD
839	1943	0014	LAX
Duration 1554

33	0700	0906	DEN
244	1234	1458	ORD
943	1819	2255	LAX
Duration 1555

837	0820	1220	SFO
820	1604	1816	SEA
6599	2152	0024	LAX
Duration 1604

33	0700	0906	DEN
902	1233	1552	IAD
951	1740	2311	LAX
Duration 1611

33	0700	0906	DEN
581	1048	1401	IAD
951	1740	2311	LAX
Duration 1611

6934	2040	0043	SFO
152	0259	0705	ORD
89	0828	1257	LAX
Duration 1617

6537	0730	0948	ORD
532	1201	1416	BOS
167	1758	0035	LAX
Duration 1705

6934	2040	0043	SFO
152	0259	0705	ORD
842	0932	1403	LAX
Duration 1723

6934	2040	0043	SFO
198	0155	0657	IAD
170	0819	1404	LAX
Duration 1724

33	0700	0906	DEN
789	1249	1640	BOS
167	1758	0035	LAX
Duration 1735

33	0700	0906	DEN
902	1233	1552	IAD
137	1855	0035	LAX
Duration 1735

837	0820	1220	SFO
830	1428	1838	ORD
129	2127	0200	LAX
Duration 1740

837	0820	1220	SFO
760	1558	2003	ORD
129	2127	0200	LAX
Duration 1740

837	0820	1220	SFO
906	1355	1805	ORD
129	2127	0200	LAX
Duration 1740

6934	2040	0043	SFO
198	0155	0657	IAD
319	0900	1455	LAX
Duration 1815

837	0820	1220	SFO
10	1337	1915	JFK
11	2025	0259	LAX
Duration 1839

6934	2040	0043	SFO
198	0155	0657	IAD
925	1005	0400	LAX
Duration 3120

