812	1228	1425	DFW
162	1529	1750	ORD
Duration 0522

5456	1029	1223	DFW
7539	1357	1615	ORD
Duration 0546

252	1754	1949	DFW
7041	2130	2341	ORD
Duration 0547

7584	1530	1724	DFW
7589	1906	2125	ORD
Duration 0555

976	1752	2104	IAD
363	2210	0016	ORD
Duration 0624

6604	1234	1527	ATL
7493	1657	1905	ORD
Duration 0631

18	1207	1528	BWI
473	1654	1901	ORD
Duration 0654

902	1233	1552	IAD
249	1720	1928	ORD
Duration 0655

484	1339	1659	DCA
629	1832	2039	ORD
Duration 0700

7565	1441	1726	ATL
7560	1944	2158	ORD
Duration 0717

5456	1029	1223	DFW
162	1529	1750	ORD
Duration 0721

85	1729	1955	LAX
124	2105	0057	ORD
Duration 0728

988	1025	1252	LAX
942	1403	1800	ORD
Duration 0735

812	1228	1425	DFW
7585	1802	2020	ORD
Duration 0752

484	1339	1659	DCA
631	1930	2140	ORD
Duration 0801

752	1100	1412	BWI
473	1654	1901	ORD
Duration 0801

59	0800	1050	SFO
134	1158	1605	ORD
Duration 0805

595	2122	0002	SFO
158	0138	0540	ORD
Duration 0818

869	1020	1315	SFO
830	1428	1838	ORD
Duration 0818

894	0936	1211	LAX
942	1403	1800	ORD
Duration 0824

781	1625	1849	LAX
124	2105	0057	ORD
Duration 0832

733	1544	1824	SFO
150	2004	0019	ORD
Duration 0835

988	1025	1252	LAX
840	1503	1900	ORD
Duration 0835

581	1048	1401	IAD
249	1720	1928	ORD
Duration 0840

69	1227	1500	LAX
843	1717	2117	ORD
Duration 0850

59	0800	1050	SFO
972	1253	1659	ORD
Duration 0859

789	1249	1640	BOS
545	1916	2158	ORD
Duration 0909

407	2059	2354	SEA
754	0220	0616	ORD
Duration 0917

894	0936	1211	LAX
840	1503	1900	ORD
Duration 0924

988	1025	1252	LAX
116	1555	1955	ORD
Duration 0930

595	2122	0002	SFO
152	0259	0705	ORD
Duration 0943

869	1020	1315	SFO
760	1558	2003	ORD
Duration 0943

875	1034	1329	SEA
200	1635	2025	ORD
Duration 0951

737	1937	2222	SFO
158	0138	0540	ORD
Duration 1003

59	0800	1050	SFO
906	1355	1805	ORD
Duration 1005

721	1412	1706	SFO
150	2004	0019	ORD
Duration 1007

894	0936	1211	LAX
116	1555	1955	ORD
Duration 1019

59	0800	1050	SFO
830	1428	1838	ORD
Duration 1038

988	1025	1252	LAX
126	1415	0609	ORD
Duration 1944

894	0936	1211	LAX
126	1415	0609	ORD
Duration 2033

