583	2029	2239	DEN
258	2343	0154	ORD
Duration 0525

315	0907	1114	DEN
244	1234	1458	ORD
Duration 0551

33	0700	0906	DEN
910	1041	1305	ORD
Duration 0605

588	1757	2054	IAD
363	2210	0016	ORD
Duration 0619

370	1236	1533	IAD
249	1720	1928	ORD
Duration 0652

315	0907	1114	DEN
956	1353	1617	ORD
Duration 0710

6456	1259	1504	DEN
938	1752	2011	ORD
Duration 0712

723	1637	1848	DEN
256	2134	2349	ORD
Duration 0712

33	0700	0906	DEN
244	1234	1458	ORD
Duration 0758

315	0907	1114	DEN
908	1455	1718	ORD
Duration 0811

837	0820	1220	SFO
906	1355	1805	ORD
Duration 0945

837	0820	1220	SFO
830	1428	1838	ORD
Duration 1018

6934	2040	0043	SFO
152	0259	0705	ORD
Duration 1025

6712	1415	1743	LAX
124	2105	0057	ORD
Duration 1042

837	0820	1220	SFO
760	1558	2003	ORD
Duration 1143

