6456	1259	1504	DEN
781	1625	1849	LAX
Duration 0550

33	0700	0906	DEN
988	1025	1252	LAX
Duration 0552

315	0907	1114	DEN
69	1227	1500	LAX
Duration 0553

837	0820	1220	SFO
858	1320	1453	LAX
Duration 0633

723	1637	1848	DEN
765	2051	2320	LAX
Duration 0643

837	0820	1220	SFO
888	1351	1516	LAX
Duration 0656

6456	1259	1504	DEN
85	1729	1955	LAX
Duration 0656

315	0907	1114	DEN
227	1346	1619	LAX
Duration 0712

837	0820	1220	SFO
817	1430	1555	LAX
Duration 0735

7505	1035	1253	ORD
107	1405	1828	LAX
Duration 0753

7585	1802	2020	ORD
129	2127	0200	LAX
Duration 0758

33	0700	0906	DEN
69	1227	1500	LAX
Duration 0800

837	0820	1220	SFO
867	1509	1634	LAX
Duration 0814

6537	0730	0948	ORD
531	1116	1544	LAX
Duration 0814

162	1529	1750	ORD
839	1943	0014	LAX
Duration 0845

7539	1357	1615	ORD
943	1819	2255	LAX
Duration 0858

837	0820	1220	SFO
111	1605	1730	LAX
Duration 0910

6537	0730	0948	ORD
945	1300	1730	LAX
Duration 1000

7505	1035	1253	ORD
123	1623	2045	LAX
Duration 1010

7539	1357	1615	ORD
839	1943	0014	LAX
Duration 1017

162	1529	1750	ORD
129	2127	0200	LAX
Duration 1031

370	1236	1533	IAD
951	1740	2311	LAX
Duration 1035

370	1236	1533	IAD
137	1855	0035	LAX
Duration 1159

